{"numTotalTestSuites":31,"numPassedTestSuites":31,"numFailedTestSuites":0,"numPendingTestSuites":0,"numTotalTests":111,"numPassedTests":111,"numFailedTests":0,"numPendingTests":0,"numTodoTests":0,"snapshot":{"added":0,"failure":false,"filesAdded":0,"filesRemoved":0,"filesRemovedList":[],"filesUnmatched":0,"filesUpdated":0,"matched":0,"total":0,"unchecked":0,"uncheckedKeysByFile":[],"unmatched":0,"updated":0,"didUpdate":false},"startTime":1789393417342,"success":true,"testResults":[{"assertionResults":[{"ancestorTitles":["adminAccessSessionStore"],"fullName":"adminAccessSessionStore 提交理由签发票据：只存内存，绝不持久化","status":"passed","title":"提交理由签发票据：只存内存，绝不持久化","duration":2.8304579999999078,"failureMessages":[],"meta":{}},{"ancestorTitles":["adminAccessSessionStore"],"fullName":"adminAccessSessionStore 有效票据存在时复用，不重复签发","status":"passed","title":"有效票据存在时复用，不重复签发","duration":0.30387499999983447,"failureMessages":[],"meta":{}},{"ancestorTitles":["adminAccessSessionStore"],"fullName":"adminAccessSessionStore 票据绑定单目标：user:1 与 space:1、user:2 互不通用","status":"passed","title":"票据绑定单目标：user:1 与 space:1、user:2 互不通用","duration":0.28899999999998727,"failureMessages":[],"meta":{}},{"ancestorTitles":["adminAccessSessionStore"],"fullName":"adminAccessSessionStore 过期票据：peekValid 返回 null 并清理；ensureTicket 重新申请","status":"passed","title":"过期票据：peekValid 返回 null 并清理；ensureTicket 重新申请","duration":0.19216700000015408,"failureMessages":[],"meta":{}},{"ancestorTitles":["adminAccessSessionStore"],"fullName":"adminAccessSessionStore revoke 清掉单目标票据；clearAll 清空全部内存票据","status":"passed","title":"revoke 清掉单目标票据；clearAll 清空全部内存票据","duration":0.26083300000004783,"failureMessages":[],"meta":{}},{"ancestorTitles":["adminAccessSessionStore"],"fullName":"adminAccessSessionStore 签发失败不落任何票据","status":"passed","title":"签发失败不落任何票据","duration":0.9708749999999782,"failureMessages":[],"meta":{}}],"startTime":1789393418428,"endTime":1789393418432.971,"status":"passed","message":"","name":"/Users/lyston/PycharmProjects/fg-09-13-steward-snapshot-progressive-recompute/system-admin-frontend/tests/access-session.store.spec.ts"},{"assertionResults":[{"ancestorTitles":["AdminShell 移动导航（375px 响应式 R4）"],"fullName":"AdminShell 移动导航（375px 响应式 R4） 菜单按钮带 aria-expanded/aria-controls，点击切换展开态","status":"passed","title":"菜单按钮带 aria-expanded/aria-controls，点击切换展开态","duration":54.479457999999795,"failureMessages":[],"meta":{}},{"ancestorTitles":["AdminShell 移动导航（375px 响应式 R4）"],"fullName":"AdminShell 移动导航（375px 响应式 R4） 面板开启时锁定 body 滚动，Escape 关闭并解锁","status":"passed","title":"面板开启时锁定 body 滚动，Escape 关闭并解锁","duration":9.361540999999988,"failureMessages":[],"meta":{}},{"ancestorTitles":["AdminShell 移动导航（375px 响应式 R4）"],"fullName":"AdminShell 移动导航（375px 响应式 R4） 路由跳转后导航面板自动收起","status":"passed","title":"路由跳转后导航面板自动收起","duration":6.864207999999962,"failureMessages":[],"meta":{}}],"startTime":1789393419944,"endTime":1789393420014.8643,"status":"passed","message":"","name":"/Users/lyston/PycharmProjects/fg-09-13-steward-snapshot-progressive-recompute/system-admin-frontend/tests/admin-shell.mobile.spec.ts"},{"assertionResults":[{"ancestorTitles":["AgentProviderAdminView（三区块治理页）"],"fullName":"AgentProviderAdminView（三区块治理页） 没有 Provider 时直接展示配置入口，并提供快捷接入","status":"passed","title":"没有 Provider 时直接展示配置入口，并提供快捷接入","duration":42.188917000000174,"failureMessages":[],"meta":{}},{"ancestorTitles":["AgentProviderAdminView（三区块治理页）"],"fullName":"AgentProviderAdminView（三区块治理页） 快捷接入预填服务商连接信息与模型","status":"passed","title":"快捷接入预填服务商连接信息与模型","duration":26.62629199999992,"failureMessages":[],"meta":{}},{"ancestorTitles":["AgentProviderAdminView（三区块治理页）"],"fullName":"AgentProviderAdminView（三区块治理页） Provider 列表渲染：名称/类型/密钥状态，响应无密钥形态字段","status":"passed","title":"Provider 列表渲染：名称/类型/密钥状态，响应无密钥形态字段","duration":27.13175000000001,"failureMessages":[],"meta":{}},{"ancestorTitles":["AgentProviderAdminView（三区块治理页）"],"fullName":"AgentProviderAdminView（三区块治理页） 注册表单提交 payload：name/kind/base_url/secret/allowed_models","status":"passed","title":"注册表单提交 payload：name/kind/base_url/secret/allowed_models","duration":32.579291999999896,"failureMessages":[],"meta":{}},{"ancestorTitles":["AgentProviderAdminView（三区块治理页）"],"fullName":"AgentProviderAdminView（三区块治理页） 编辑 PATCH 语义：仅提交变更字段；secret 留空不提交","status":"passed","title":"编辑 PATCH 语义：仅提交变更字段；secret 留空不提交","duration":64.34116599999993,"failureMessages":[],"meta":{}},{"ancestorTitles":["AgentProviderAdminView（三区块治理页）"],"fullName":"AgentProviderAdminView（三区块治理页） 编辑勾选清除密钥：PATCH 载荷 secret=\"\"（清除语义）","status":"passed","title":"编辑勾选清除密钥：PATCH 载荷 secret=\"\"（清除语义）","duration":85.806333,"failureMessages":[],"meta":{}},{"ancestorTitles":["AgentProviderAdminView（三区块治理页）"],"fullName":"AgentProviderAdminView（三区块治理页） 平台默认保存 payload：未设置维度显式 null（清除语义）","status":"passed","title":"平台默认保存 payload：未设置维度显式 null（清除语义）","duration":25.13154099999997,"failureMessages":[],"meta":{}},{"ancestorTitles":["AgentProviderAdminView（三区块治理页）"],"fullName":"AgentProviderAdminView（三区块治理页） 平台默认模型支持直接填写自定义模型 ID","status":"passed","title":"平台默认模型支持直接填写自定义模型 ID","duration":24.712958999999955,"failureMessages":[],"meta":{}},{"ancestorTitles":["AgentProviderAdminView（三区块治理页）"],"fullName":"AgentProviderAdminView（三区块治理页） 错误 detail 呈现：allowed_models 白名单载荷结构化展示","status":"passed","title":"错误 detail 呈现：allowed_models 白名单载荷结构化展示","duration":10.288709000000154,"failureMessages":[],"meta":{}},{"ancestorTitles":["AgentProviderAdminView（三区块治理页）"],"fullName":"AgentProviderAdminView（三区块治理页） 空间设置只读排查：按维度呈现行级设置与平台默认状态","status":"passed","title":"空间设置只读排查：按维度呈现行级设置与平台默认状态","duration":10.864417000000003,"failureMessages":[],"meta":{}}],"startTime":1789393418450,"endTime":1789393418799.8645,"status":"passed","message":"","name":"/Users/lyston/PycharmProjects/fg-09-13-steward-snapshot-progressive-recompute/system-admin-frontend/tests/agent-provider.view.spec.ts"},{"assertionResults":[{"ancestorTitles":["AgentMonitorView 轮询纪律"],"fullName":"AgentMonitorView 轮询纪律 挂载即加载，之后每 5 秒轮询一次","status":"passed","title":"挂载即加载，之后每 5 秒轮询一次","duration":132.09891699999991,"failureMessages":[],"meta":{}},{"ancestorTitles":["AgentMonitorView 轮询纪律"],"fullName":"AgentMonitorView 轮询纪律 页面不可见时暂停轮询，恢复可见立即刷新","status":"passed","title":"页面不可见时暂停轮询，恢复可见立即刷新","duration":18.777750000000196,"failureMessages":[],"meta":{}},{"ancestorTitles":["AgentMonitorView 轮询纪律"],"fullName":"AgentMonitorView 轮询纪律 组件卸载清除 timer 与 in-flight 请求，不再轮询","status":"passed","title":"组件卸载清除 timer 与 in-flight 请求，不再轮询","duration":5.807999999999993,"failureMessages":[],"meta":{}},{"ancestorTitles":["AgentMonitorView 轮询纪律"],"fullName":"AgentMonitorView 轮询纪律 诊断只渲染脱敏四字段，不渲染原始 error_json/message/prompt","status":"passed","title":"诊断只渲染脱敏四字段，不渲染原始 error_json/message/prompt","duration":24.71441600000003,"failureMessages":[],"meta":{}}],"startTime":1789393419203,"endTime":1789393419385.7144,"status":"passed","message":"","name":"/Users/lyston/PycharmProjects/fg-09-13-steward-snapshot-progressive-recompute/system-admin-frontend/tests/agent.monitor.spec.ts"},{"assertionResults":[{"ancestorTitles":["admin app shell routing"],"fullName":"admin app shell routing renders the shared admin shell on protected pages","status":"passed","title":"renders the shared admin shell on protected pages","duration":15.773915999999872,"failureMessages":[],"meta":{}},{"ancestorTitles":["admin app shell routing"],"fullName":"admin app shell routing keeps the login page free of admin navigation","status":"passed","title":"keeps the login page free of admin navigation","duration":2.5667080000000624,"failureMessages":[],"meta":{}},{"ancestorTitles":["admin app shell routing"],"fullName":"admin app shell routing keeps the real shell on a horizontal desktop axis","status":"passed","title":"keeps the real shell on a horizontal desktop axis","duration":0.7619999999999436,"failureMessages":[],"meta":{}}],"startTime":1789393420036,"endTime":1789393420054.762,"status":"passed","message":"","name":"/Users/lyston/PycharmProjects/fg-09-13-steward-snapshot-progressive-recompute/system-admin-frontend/tests/app.shell.spec.ts"},{"assertionResults":[{"ancestorTitles":["adminAuthStore"],"fullName":"adminAuthStore login 成功：access token 只在内存，refresh token 用独立 key","status":"passed","title":"login 成功：access token 只在内存，refresh token 用独立 key","duration":4.5559169999999085,"failureMessages":[],"meta":{}},{"ancestorTitles":["adminAuthStore"],"fullName":"adminAuthStore login 响应 admin 字段缺失：硬校验拒绝且不写任何会话","status":"passed","title":"login 响应 admin 字段缺失：硬校验拒绝且不写任何会话","duration":1.6691249999998945,"failureMessages":[],"meta":{}},{"ancestorTitles":["adminAuthStore"],"fullName":"adminAuthStore password_must_change=true 的登录会话进入强制改密态","status":"passed","title":"password_must_change=true 的登录会话进入强制改密态","duration":0.30166699999995217,"failureMessages":[],"meta":{}},{"ancestorTitles":["adminAuthStore"],"fullName":"adminAuthStore tryRefresh 失败：清空内存与独立 refresh key，不留家庭 key","status":"passed","title":"tryRefresh 失败：清空内存与独立 refresh key，不留家庭 key","duration":0.5343749999999545,"failureMessages":[],"meta":{}},{"ancestorTitles":["adminAuthStore"],"fullName":"adminAuthStore logout：撤销远端会话并清空 store、refresh key 与内存票据","status":"passed","title":"logout：撤销远端会话并清空 store、refresh key 与内存票据","duration":0.5713339999999789,"failureMessages":[],"meta":{}},{"ancestorTitles":["adminAuthStore"],"fullName":"adminAuthStore changePassword 成功后本地会话清空（后端已撤销全部会话）","status":"passed","title":"changePassword 成功后本地会话清空（后端已撤销全部会话）","duration":0.24512499999991633,"failureMessages":[],"meta":{}},{"ancestorTitles":["adminAuthStore"],"fullName":"adminAuthStore restoreSession 无存储 token 时返回 false 且零请求","status":"passed","title":"restoreSession 无存储 token 时返回 false 且零请求","duration":0.21037500000011278,"failureMessages":[],"meta":{}},{"ancestorTitles":["adminAuthStore"],"fullName":"adminAuthStore restoreSession 有独立 refresh token 时恢复会话并轮换","status":"passed","title":"restoreSession 有独立 refresh token 时恢复会话并轮换","duration":1.1774159999999938,"failureMessages":[],"meta":{}},{"ancestorTitles":["adminAuthStore"],"fullName":"adminAuthStore 并发 tryRefresh 单飞：同份旧 refresh token 只发一次轮换请求","status":"passed","title":"并发 tryRefresh 单飞：同份旧 refresh token 只发一次轮换请求","duration":0.46120799999994233,"failureMessages":[],"meta":{}}],"startTime":1789393418432,"endTime":1789393418443.4612,"status":"passed","message":"","name":"/Users/lyston/PycharmProjects/fg-09-13-steward-snapshot-progressive-recompute/system-admin-frontend/tests/auth.store.spec.ts"},{"assertionResults":[{"ancestorTitles":["adminApiClient 接线"],"fullName":"adminApiClient 接线 敏感详情请求带 Bearer 与 X-Admin-Access-Session","status":"passed","title":"敏感详情请求带 Bearer 与 X-Admin-Access-Session","duration":4.712167000000022,"failureMessages":[],"meta":{}},{"ancestorTitles":["adminApiClient 接线"],"fullName":"adminApiClient 接线 缺票据的敏感请求 fail-closed，不发出请求","status":"passed","title":"缺票据的敏感请求 fail-closed，不发出请求","duration":5.986792000000037,"failureMessages":[],"meta":{}},{"ancestorTitles":["adminApiClient 接线"],"fullName":"adminApiClient 接线 401 ADMIN_UNAUTHORIZED：refresh 成功后重试一次并换新 token","status":"passed","title":"401 ADMIN_UNAUTHORIZED：refresh 成功后重试一次并换新 token","duration":0.5901669999999513,"failureMessages":[],"meta":{}},{"ancestorTitles":["adminApiClient 接线"],"fullName":"adminApiClient 接线 refresh 也失败：回调 onSessionExpired，错误码 ADMIN_SESSION_EXPIRED","status":"passed","title":"refresh 也失败：回调 onSessionExpired，错误码 ADMIN_SESSION_EXPIRED","duration":0.3145829999999705,"failureMessages":[],"meta":{}},{"ancestorTitles":["adminApiClient 接线"],"fullName":"adminApiClient 接线 登录 401 ADMIN_INVALID_CREDENTIALS 不触发 refresh，保留统一文案","status":"passed","title":"登录 401 ADMIN_INVALID_CREDENTIALS 不触发 refresh，保留统一文案","duration":0.48279199999990396,"failureMessages":[],"meta":{}},{"ancestorTitles":["adminApiClient 接线"],"fullName":"adminApiClient 接线 refresh 端点 401 不递归触发第二次 refresh","status":"passed","title":"refresh 端点 401 不递归触发第二次 refresh","duration":0.30195800000001327,"failureMessages":[],"meta":{}},{"ancestorTitles":["adminApiClient 接线"],"fullName":"adminApiClient 接线 403 ADMIN_ACCESS_SESSION_INVALID → AccessSessionInvalidError","status":"passed","title":"403 ADMIN_ACCESS_SESSION_INVALID → AccessSessionInvalidError","duration":0.25995800000009694,"failureMessages":[],"meta":{}},{"ancestorTitles":["adminApiClient 接线"],"fullName":"adminApiClient 接线 错误外壳 {\"error\":{code,message}} 正确解析；网络错误归一安全文案","status":"passed","title":"错误外壳 {\"error\":{code,message}} 正确解析；网络错误归一安全文案","duration":0.44237499999997,"failureMessages":[],"meta":{}},{"ancestorTitles":["adminApiClient 接线"],"fullName":"adminApiClient 接线 PATCH 请求走统一入口并携带载荷（Provider 更新语义）","status":"passed","title":"PATCH 请求走统一入口并携带载荷（Provider 更新语义）","duration":0.21329099999991286,"failureMessages":[],"meta":{}},{"ancestorTitles":["adminApiClient 接线"],"fullName":"adminApiClient 接线 AdminApiError 携带错误外壳 detail（如 allowed_models 白名单载荷）","status":"passed","title":"AdminApiError 携带错误外壳 detail（如 allowed_models 白名单载荷）","duration":0.48841700000002675,"failureMessages":[],"meta":{}}],"startTime":1789393418316,"endTime":1789393418329.4885,"status":"passed","message":"","name":"/Users/lyston/PycharmProjects/fg-09-13-steward-snapshot-progressive-recompute/system-admin-frontend/tests/client.wiring.spec.ts"},{"assertionResults":[{"ancestorTitles":["OperationsView（审批唯一写 UI）"],"fullName":"OperationsView（审批唯一写 UI） 待裁决申请展示批准/驳回按钮","status":"passed","title":"待裁决申请展示批准/驳回按钮","duration":27.130083999999897,"failureMessages":[],"meta":{}},{"ancestorTitles":["OperationsView（审批唯一写 UI）"],"fullName":"OperationsView（审批唯一写 UI） 批准走二次确认弹窗，confirm 载荷正确且理由可选","status":"passed","title":"批准走二次确认弹窗，confirm 载荷正确且理由可选","duration":25.532500000000255,"failureMessages":[],"meta":{}},{"ancestorTitles":["OperationsView（审批唯一写 UI）"],"fullName":"OperationsView（审批唯一写 UI） 驳回理由必填：为空时确认禁用；填写后载荷携带理由","status":"passed","title":"驳回理由必填：为空时确认禁用；填写后载荷携带理由","duration":12.313374999999724,"failureMessages":[],"meta":{}},{"ancestorTitles":["OperationsView（审批唯一写 UI）"],"fullName":"OperationsView（审批唯一写 UI） 终态重复裁决 409：弹窗内显示服务端安全文案","status":"passed","title":"终态重复裁决 409：弹窗内显示服务端安全文案","duration":10.238708999999744,"failureMessages":[],"meta":{}},{"ancestorTitles":["OperationsView（审批唯一写 UI）"],"fullName":"OperationsView（审批唯一写 UI） 源码静态断言：无 PIN 重置/档案修改/删除/恢复/导出/下载入口","status":"passed","title":"源码静态断言：无 PIN 重置/档案修改/删除/恢复/导出/下载入口","duration":0.5483749999998508,"failureMessages":[],"meta":{}}],"startTime":1789393419616,"endTime":1789393419691.5483,"status":"passed","message":"","name":"/Users/lyston/PycharmProjects/fg-09-13-steward-snapshot-progressive-recompute/system-admin-frontend/tests/governance.view.spec.ts"},{"assertionResults":[{"ancestorTitles":["AdminLoginView"],"fullName":"AdminLoginView 成功登录跳转概览并写入会话","status":"passed","title":"成功登录跳转概览并写入会话","duration":69.60629100000006,"failureMessages":[],"meta":{}},{"ancestorTitles":["AdminLoginView"],"fullName":"AdminLoginView password_must_change 会话登录后进入强制改密页","status":"passed","title":"password_must_change 会话登录后进入强制改密页","duration":13.833792000000017,"failureMessages":[],"meta":{}},{"ancestorTitles":["AdminLoginView"],"fullName":"AdminLoginView 凭据错误显示统一安全文案","status":"passed","title":"凭据错误显示统一安全文案","duration":4.582916999999952,"failureMessages":[],"meta":{}},{"ancestorTitles":["AdminLoginView"],"fullName":"AdminLoginView 提交中禁止重复提交","status":"passed","title":"提交中禁止重复提交","duration":4.398957999999993,"failureMessages":[],"meta":{}}],"startTime":1789393419359,"endTime":1789393419451.399,"status":"passed","message":"","name":"/Users/lyston/PycharmProjects/fg-09-13-steward-snapshot-progressive-recompute/system-admin-frontend/tests/login.view.spec.ts"},{"assertionResults":[{"ancestorTitles":["模块图隔离（system-admin-frontend 独立性）"],"fullName":"模块图隔离（system-admin-frontend 独立性） 任何 src 文件不得 import 家庭 frontend/ 或项目外模块","status":"passed","title":"任何 src 文件不得 import 家庭 frontend/ 或项目外模块","duration":8.969000000000051,"failureMessages":[],"meta":{}},{"ancestorTitles":["模块图隔离（system-admin-frontend 独立性）"],"fullName":"模块图隔离（system-admin-frontend 独立性） 不出现家庭 refresh key（fg.refresh_token），admin key 独立存在","status":"passed","title":"不出现家庭 refresh key（fg.refresh_token），admin key 独立存在","duration":6.448458999999957,"failureMessages":[],"meta":{}},{"ancestorTitles":["模块图隔离（system-admin-frontend 独立性）"],"fullName":"模块图隔离（system-admin-frontend 独立性） API baseURL 只允许 /admin-api，绝不请求家庭 /api","status":"passed","title":"API baseURL 只允许 /admin-api，绝不请求家庭 /api","duration":4.513666999999941,"failureMessages":[],"meta":{}},{"ancestorTitles":["模块图隔离（system-admin-frontend 独立性）"],"fullName":"模块图隔离（system-admin-frontend 独立性） access session 票据 store 与敏感组件绝不写 localStorage/sessionStorage","status":"passed","title":"access session 票据 store 与敏感组件绝不写 localStorage/sessionStorage","duration":0.20174999999994725,"failureMessages":[],"meta":{}},{"ancestorTitles":["模块图隔离（system-admin-frontend 独立性）"],"fullName":"模块图隔离（system-admin-frontend 独立性） 业务写端点仅审批 + 认证自管理 + Agent 治理；绝不出现 DELETE 写调用","status":"passed","title":"业务写端点仅审批 + 认证自管理 + Agent 治理；绝不出现 DELETE 写调用","duration":4.9503749999998945,"failureMessages":[],"meta":{}},{"ancestorTitles":["模块图隔离（system-admin-frontend 独立性）"],"fullName":"模块图隔离（system-admin-frontend 独立性） 无家庭组件/路由/store 痕迹，无 element-plus","status":"passed","title":"无家庭组件/路由/store 痕迹，无 element-plus","duration":12.899375000000077,"failureMessages":[],"meta":{}},{"ancestorTitles":["模块图隔离（system-admin-frontend 独立性）"],"fullName":"模块图隔离（system-admin-frontend 独立性） git 仓库中本应用与家庭 frontend 无共享构建产物路径引用","status":"passed","title":"git 仓库中本应用与家庭 frontend 无共享构建产物路径引用","duration":0.4334159999999656,"failureMessages":[],"meta":{}}],"startTime":1789393418185,"endTime":1789393418224.4333,"status":"passed","message":"","name":"/Users/lyston/PycharmProjects/fg-09-13-steward-snapshot-progressive-recompute/system-admin-frontend/tests/module-boundary.spec.ts"},{"assertionResults":[{"ancestorTitles":["PlatformFeaturesView"],"fullName":"PlatformFeaturesView displays independent server state and source metadata","status":"passed","title":"displays independent server state and source metadata","duration":22.251374999999825,"failureMessages":[],"meta":{}},{"ancestorTitles":["PlatformFeaturesView"],"fullName":"PlatformFeaturesView persists a toggle and uses the server response as the next visible state","status":"passed","title":"persists a toggle and uses the server response as the next visible state","duration":8.765499999999975,"failureMessages":[],"meta":{}},{"ancestorTitles":["PlatformFeaturesView"],"fullName":"PlatformFeaturesView 'Memory' 正常停用后提示与服务端状态一致","status":"passed","title":"'Memory' 正常停用后提示与服务端状态一致","duration":5.623417000000018,"failureMessages":[],"meta":{}},{"ancestorTitles":["PlatformFeaturesView"],"fullName":"PlatformFeaturesView 'RAG' 正常停用后提示与服务端状态一致","status":"passed","title":"'RAG' 正常停用后提示与服务端状态一致","duration":7.929957999999942,"failureMessages":[],"meta":{}},{"ancestorTitles":["PlatformFeaturesView"],"fullName":"PlatformFeaturesView 'Memory' 请求开启但响应为部署关闭时不提示已启用","status":"passed","title":"'Memory' 请求开启但响应为部署关闭时不提示已启用","duration":5.799291999999923,"failureMessages":[],"meta":{}},{"ancestorTitles":["PlatformFeaturesView"],"fullName":"PlatformFeaturesView 'RAG' 请求开启但响应为部署关闭时不提示已启用","status":"passed","title":"'RAG' 请求开启但响应为部署关闭时不提示已启用","duration":7.218458000000055,"failureMessages":[],"meta":{}},{"ancestorTitles":["PlatformFeaturesView 管家辅助开关治理（09-13）"],"fullName":"PlatformFeaturesView 管家辅助开关治理（09-13） 渲染四类管家辅助开关并显示服务端状态与环境来源","status":"passed","title":"渲染四类管家辅助开关并显示服务端状态与环境来源","duration":11.336416999999983,"failureMessages":[],"meta":{}},{"ancestorTitles":["PlatformFeaturesView 管家辅助开关治理（09-13）"],"fullName":"PlatformFeaturesView 管家辅助开关治理（09-13） '候选补全' 请求开启但部署关闭时，提示和开关均以响应为准","status":"passed","title":"'候选补全' 请求开启但部署关闭时，提示和开关均以响应为准","duration":11.383583000000044,"failureMessages":[],"meta":{}},{"ancestorTitles":["PlatformFeaturesView 管家辅助开关治理（09-13）"],"fullName":"PlatformFeaturesView 管家辅助开关治理（09-13） '推荐排序' 请求开启但部署关闭时，提示和开关均以响应为准","status":"passed","title":"'推荐排序' 请求开启但部署关闭时，提示和开关均以响应为准","duration":16.875041999999894,"failureMessages":[],"meta":{}},{"ancestorTitles":["PlatformFeaturesView 管家辅助开关治理（09-13）"],"fullName":"PlatformFeaturesView 管家辅助开关治理（09-13） '卡片解释' 请求开启但部署关闭时，提示和开关均以响应为准","status":"passed","title":"'卡片解释' 请求开启但部署关闭时，提示和开关均以响应为准","duration":15.241292000000158,"failureMessages":[],"meta":{}},{"ancestorTitles":["PlatformFeaturesView 管家辅助开关治理（09-13）"],"fullName":"PlatformFeaturesView 管家辅助开关治理（09-13） '称谓优化' 请求开启但部署关闭时，提示和开关均以响应为准","status":"passed","title":"'称谓优化' 请求开启但部署关闭时，提示和开关均以响应为准","duration":5.8933750000001055,"failureMessages":[],"meta":{}},{"ancestorTitles":["PlatformFeaturesView 管家辅助开关治理（09-13）"],"fullName":"PlatformFeaturesView 管家辅助开关治理（09-13） '候选补全' 正常开启与停用使用中文提示并同步平台来源","status":"passed","title":"'候选补全' 正常开启与停用使用中文提示并同步平台来源","duration":18.95900000000006,"failureMessages":[],"meta":{}},{"ancestorTitles":["PlatformFeaturesView 管家辅助开关治理（09-13）"],"fullName":"PlatformFeaturesView 管家辅助开关治理（09-13） '推荐排序' 正常开启与停用使用中文提示并同步平台来源","status":"passed","title":"'推荐排序' 正常开启与停用使用中文提示并同步平台来源","duration":28.339958000000024,"failureMessages":[],"meta":{}},{"ancestorTitles":["PlatformFeaturesView 管家辅助开关治理（09-13）"],"fullName":"PlatformFeaturesView 管家辅助开关治理（09-13） '卡片解释' 正常开启与停用使用中文提示并同步平台来源","status":"passed","title":"'卡片解释' 正常开启与停用使用中文提示并同步平台来源","duration":33.930000000000064,"failureMessages":[],"meta":{}},{"ancestorTitles":["PlatformFeaturesView 管家辅助开关治理（09-13）"],"fullName":"PlatformFeaturesView 管家辅助开关治理（09-13） '称谓优化' 正常开启与停用使用中文提示并同步平台来源","status":"passed","title":"'称谓优化' 正常开启与停用使用中文提示并同步平台来源","duration":19.80512499999986,"failureMessages":[],"meta":{}},{"ancestorTitles":["PlatformFeaturesView 管家辅助开关治理（09-13）"],"fullName":"PlatformFeaturesView 管家辅助开关治理（09-13） '候选补全' 已知部署关闭时显示运维指引并阻止无效请求","status":"passed","title":"'候选补全' 已知部署关闭时显示运维指引并阻止无效请求","duration":7.120625000000018,"failureMessages":[],"meta":{}},{"ancestorTitles":["PlatformFeaturesView 管家辅助开关治理（09-13）"],"fullName":"PlatformFeaturesView 管家辅助开关治理（09-13） '推荐排序' 已知部署关闭时显示运维指引并阻止无效请求","status":"passed","title":"'推荐排序' 已知部署关闭时显示运维指引并阻止无效请求","duration":2.4127079999998386,"failureMessages":[],"meta":{}},{"ancestorTitles":["PlatformFeaturesView 管家辅助开关治理（09-13）"],"fullName":"PlatformFeaturesView 管家辅助开关治理（09-13） '卡片解释' 已知部署关闭时显示运维指引并阻止无效请求","status":"passed","title":"'卡片解释' 已知部署关闭时显示运维指引并阻止无效请求","duration":6.9394589999999425,"failureMessages":[],"meta":{}},{"ancestorTitles":["PlatformFeaturesView 管家辅助开关治理（09-13）"],"fullName":"PlatformFeaturesView 管家辅助开关治理（09-13） '称谓优化' 已知部署关闭时显示运维指引并阻止无效请求","status":"passed","title":"'称谓优化' 已知部署关闭时显示运维指引并阻止无效请求","duration":9.266333000000031,"failureMessages":[],"meta":{}},{"ancestorTitles":["PlatformFeaturesView 管家辅助开关治理（09-13）"],"fullName":"PlatformFeaturesView 管家辅助开关治理（09-13） 点击候选补全开关 → 全量 PUT 四开关（点击项翻转，其余保持）","status":"passed","title":"点击候选补全开关 → 全量 PUT 四开关（点击项翻转，其余保持）","duration":4.561083000000053,"failureMessages":[],"meta":{}}],"startTime":1789393418450,"endTime":1789393418699.561,"status":"passed","message":"","name":"/Users/lyston/PycharmProjects/fg-09-13-steward-snapshot-progressive-recompute/system-admin-frontend/tests/platform-features.view.spec.ts"},{"assertionResults":[{"ancestorTitles":["admin router guard"],"fullName":"admin router guard 未登录访问业务页 → 登录页并携带内部 redirect","status":"passed","title":"未登录访问业务页 → 登录页并携带内部 redirect","duration":8.920292000000018,"failureMessages":[],"meta":{}},{"ancestorTitles":["admin router guard"],"fullName":"admin router guard 未登录访问登录页 → 放行","status":"passed","title":"未登录访问登录页 → 放行","duration":2.0445419999999785,"failureMessages":[],"meta":{}},{"ancestorTitles":["admin router guard"],"fullName":"admin router guard 已登录普通会话访问业务页 → 放行","status":"passed","title":"已登录普通会话访问业务页 → 放行","duration":33.650499999999965,"failureMessages":[],"meta":{}},{"ancestorTitles":["admin router guard"],"fullName":"admin router guard password_must_change 会话访问业务页 → 强制改密页","status":"passed","title":"password_must_change 会话访问业务页 → 强制改密页","duration":22.371582999999987,"failureMessages":[],"meta":{}},{"ancestorTitles":["admin router guard"],"fullName":"admin router guard password_must_change 会话访问强制改密页 → 放行","status":"passed","title":"password_must_change 会话访问强制改密页 → 放行","duration":1.608000000000061,"failureMessages":[],"meta":{}},{"ancestorTitles":["admin router guard"],"fullName":"admin router guard 已改密会话访问强制改密页 → 回概览","status":"passed","title":"已改密会话访问强制改密页 → 回概览","duration":4.127959000000033,"failureMessages":[],"meta":{}},{"ancestorTitles":["admin router guard"],"fullName":"admin router guard 已登录访问登录页 → 回概览","status":"passed","title":"已登录访问登录页 → 回概览","duration":3.413458999999989,"failureMessages":[],"meta":{}},{"ancestorTitles":["admin router guard"],"fullName":"admin router guard session expired（clearSession）后访问业务页 → 登录页，绝无家庭路径","status":"passed","title":"session expired（clearSession）后访问业务页 → 登录页，绝无家庭路径","duration":1.599207999999976,"failureMessages":[],"meta":{}},{"ancestorTitles":["admin router guard"],"fullName":"admin router guard 未知路径（已登录）→ NotFound 安全空态","status":"passed","title":"未知路径（已登录）→ NotFound 安全空态","duration":9.452999999999975,"failureMessages":[],"meta":{}},{"ancestorTitles":["admin router guard"],"fullName":"admin router guard redirect 白名单：拒绝外部/协议相对/家庭路径","status":"passed","title":"redirect 白名单：拒绝外部/协议相对/家庭路径","duration":0.34616700000003675,"failureMessages":[],"meta":{}}],"startTime":1789393419372,"endTime":1789393419459.453,"status":"passed","message":"","name":"/Users/lyston/PycharmProjects/fg-09-13-steward-snapshot-progressive-recompute/system-admin-frontend/tests/router.guard.spec.ts"},{"assertionResults":[{"ancestorTitles":["SpaceDetailView 敏感详情流程"],"fullName":"SpaceDetailView 敏感详情流程 详情页提供返回概览入口","status":"passed","title":"详情页提供返回概览入口","duration":27.86733299999969,"failureMessages":[],"meta":{}},{"ancestorTitles":["SpaceDetailView 敏感详情流程"],"fullName":"SpaceDetailView 敏感详情流程 查看档案先弹理由表单；提交理由后签发 user 票据并加载档案","status":"passed","title":"查看档案先弹理由表单；提交理由后签发 user 票据并加载档案","duration":39.98249999999962,"failureMessages":[],"meta":{}},{"ancestorTitles":["SpaceDetailView 敏感详情流程"],"fullName":"SpaceDetailView 敏感详情流程 档案请求 403 票据失效 → 清票据并重新弹理由表单","status":"passed","title":"档案请求 403 票据失效 → 清票据并重新弹理由表单","duration":21.005290999999943,"failureMessages":[],"meta":{}},{"ancestorTitles":["SpaceDetailView 敏感详情流程"],"fullName":"SpaceDetailView 敏感详情流程 关系 tab 需要 space 票据：未授权时先弹理由表单","status":"passed","title":"关系 tab 需要 space 票据：未授权时先弹理由表单","duration":67.82037500000024,"failureMessages":[],"meta":{}},{"ancestorTitles":["SpaceDetailView 敏感详情流程"],"fullName":"SpaceDetailView 敏感详情流程 未知空间 → 统一安全 404 空态","status":"passed","title":"未知空间 → 统一安全 404 空态","duration":7.668499999999767,"failureMessages":[],"meta":{}}],"startTime":1789393419677,"endTime":1789393419841.6685,"status":"passed","message":"","name":"/Users/lyston/PycharmProjects/fg-09-13-steward-snapshot-progressive-recompute/system-admin-frontend/tests/space-detail.sensitive.spec.ts"},{"assertionResults":[{"ancestorTitles":["StewardOpsPanel 观测面板（R5）"],"fullName":"StewardOpsPanel 观测面板（R5） 渲染状态/队列/心跳/开关/错误码/作业元数据","status":"passed","title":"渲染状态/队列/心跳/开关/错误码/作业元数据","duration":99.81120799999997,"failureMessages":[],"meta":{}},{"ancestorTitles":["StewardOpsPanel 观测面板（R5）"],"fullName":"StewardOpsPanel 观测面板（R5） 重跑入口保持 disabled 并说明依赖（不新增旁路写）","status":"passed","title":"重跑入口保持 disabled 并说明依赖（不新增旁路写）","duration":10.124084000000039,"failureMessages":[],"meta":{}},{"ancestorTitles":["StewardOpsPanel 观测面板（R5）"],"fullName":"StewardOpsPanel 观测面板（R5） 观测端点失败 → 可重试错误态，不渲染任何假数据","status":"passed","title":"观测端点失败 → 可重试错误态，不渲染任何假数据","duration":6.053707999999915,"failureMessages":[],"meta":{}},{"ancestorTitles":["StewardOpsPanel 观测面板（R5）"],"fullName":"StewardOpsPanel 观测面板（R5） 负向脱敏：后端响应意外夹带敏感字段也不会进入渲染树","status":"passed","title":"负向脱敏：后端响应意外夹带敏感字段也不会进入渲染树","duration":7.85345899999993,"failureMessages":[],"meta":{}}],"startTime":1789393419322,"endTime":1789393419446.8535,"status":"passed","message":"","name":"/Users/lyston/PycharmProjects/fg-09-13-steward-snapshot-progressive-recompute/system-admin-frontend/tests/steward.ops.spec.ts"},{"assertionResults":[{"ancestorTitles":["类型对齐冒烟（后端合同）"],"fullName":"类型对齐冒烟（后端合同） AdminProfileOut 精确白名单：无 updated_at（User 无此列）","status":"passed","title":"AdminProfileOut 精确白名单：无 updated_at（User 无此列）","duration":1.9889169999999012,"failureMessages":[],"meta":{}},{"ancestorTitles":["类型对齐冒烟（后端合同）"],"fullName":"类型对齐冒烟（后端合同） 附件元数据无 size / url_or_path / description（Attachment 无 size 列）","status":"passed","title":"附件元数据无 size / url_or_path / description（Attachment 无 size 列）","duration":0.24099999999998545,"failureMessages":[],"meta":{}},{"ancestorTitles":["类型对齐冒烟（后端合同）"],"fullName":"类型对齐冒烟（后端合同） AdminAgentErrorOut 只保留 error_code/component/stack_location/summary 四字段","status":"passed","title":"AdminAgentErrorOut 只保留 error_code/component/stack_location/summary 四字段","duration":0.0993750000000091,"failureMessages":[],"meta":{}},{"ancestorTitles":["类型对齐冒烟（后端合同）"],"fullName":"类型对齐冒烟（后端合同） AdminSessionOut 硬校验：缺字段/状态枚举错被拒绝","status":"passed","title":"AdminSessionOut 硬校验：缺字段/状态枚举错被拒绝","duration":0.1944579999999405,"failureMessages":[],"meta":{}},{"ancestorTitles":["类型对齐冒烟（后端合同）"],"fullName":"类型对齐冒烟（后端合同） AdminPageOut envelope 与 overview totals 对齐（缺字段被拒）","status":"passed","title":"AdminPageOut envelope 与 overview totals 对齐（缺字段被拒）","duration":0.3675419999999576,"failureMessages":[],"meta":{}},{"ancestorTitles":["类型对齐冒烟（后端合同）"],"fullName":"类型对齐冒烟（后端合同） 成员行携带 updated_at（SpaceMember 有该列），与档案投影形成对照","status":"passed","title":"成员行携带 updated_at（SpaceMember 有该列），与档案投影形成对照","duration":0.10129100000017388,"failureMessages":[],"meta":{}},{"ancestorTitles":["类型对齐冒烟（后端合同）"],"fullName":"类型对齐冒烟（后端合同） 访问会话响应解码：session_id 为明文票据且只出现在内存路径","status":"passed","title":"访问会话响应解码：session_id 为明文票据且只出现在内存路径","duration":0.11133299999983137,"failureMessages":[],"meta":{}},{"ancestorTitles":["类型对齐冒烟（后端合同）"],"fullName":"类型对齐冒烟（后端合同） 错误码常量与后端 app/errors.py admin 子集一致","status":"passed","title":"错误码常量与后端 app/errors.py admin 子集一致","duration":0.08491700000013225,"failureMessages":[],"meta":{}},{"ancestorTitles":["类型对齐冒烟（后端合同）"],"fullName":"类型对齐冒烟（后端合同） AdminApiError 保留外壳 code/message；非法枚举被 expectLiteral 拒绝","status":"passed","title":"AdminApiError 保留外壳 code/message；非法枚举被 expectLiteral 拒绝","duration":0.08479200000010678,"failureMessages":[],"meta":{}},{"ancestorTitles":["类型对齐冒烟（后端合同）"],"fullName":"类型对齐冒烟（后端合同） AdminAgentProviderOut 白名单精确集合：has_secret 是唯一密钥相关字段","status":"passed","title":"AdminAgentProviderOut 白名单精确集合：has_secret 是唯一密钥相关字段","duration":22.512249999999995,"failureMessages":[],"meta":{}},{"ancestorTitles":["类型对齐冒烟（后端合同）"],"fullName":"类型对齐冒烟（后端合同） AgentPlatformDefaultsOut / AdminSpaceProviderSettingsOut 与后端 schema 对齐","status":"passed","title":"AgentPlatformDefaultsOut / AdminSpaceProviderSettingsOut 与后端 schema 对齐","duration":0.36629199999993034,"failureMessages":[],"meta":{}}],"startTime":1789393418428,"endTime":1789393418454.3662,"status":"passed","message":"","name":"/Users/lyston/PycharmProjects/fg-09-13-steward-snapshot-progressive-recompute/system-admin-frontend/tests/types.aligned.spec.ts"}]}