{"numTotalTestSuites":198,"numPassedTestSuites":198,"numFailedTestSuites":0,"numPendingTestSuites":0,"numTotalTests":740,"numPassedTests":740,"numFailedTests":0,"numPendingTests":0,"numTodoTests":0,"snapshot":{"added":0,"failure":false,"filesAdded":0,"filesRemoved":0,"filesRemovedList":[],"filesUnmatched":0,"filesUpdated":0,"matched":0,"total":0,"unchecked":0,"uncheckedKeysByFile":[],"unmatched":0,"updated":0,"didUpdate":false},"startTime":1789390558219,"success":true,"testResults":[{"assertionResults":[{"ancestorTitles":["actionCards store（V2.4 Block S3）"],"fullName":"actionCards store（V2.4 Block S3） loadForSpace：按空间拉取列表并派生 pending 数","status":"passed","title":"loadForSpace：按空间拉取列表并派生 pending 数","duration":3.9473339999999553,"failureMessages":[],"meta":{}},{"ancestorTitles":["actionCards store（V2.4 Block S3）"],"fullName":"actionCards store（V2.4 Block S3） loadForSpace：403 SPACE_FORBIDDEN_ACTOR → 入口降级 hidden=true","status":"passed","title":"loadForSpace：403 SPACE_FORBIDDEN_ACTOR → 入口降级 hidden=true","duration":0.3721249999999827,"failureMessages":[],"meta":{}},{"ancestorTitles":["actionCards store（V2.4 Block S3）"],"fullName":"actionCards store（V2.4 Block S3） loadForSpace：503（flag 关闭）→ hidden=true","status":"passed","title":"loadForSpace：503（flag 关闭）→ hidden=true","duration":0.1668329999999969,"failureMessages":[],"meta":{}},{"ancestorTitles":["actionCards store（V2.4 Block S3）"],"fullName":"actionCards store（V2.4 Block S3） loadForSpace：其他错误保留入口并记录 error（不隐藏）","status":"passed","title":"loadForSpace：其他错误保留入口并记录 error（不隐藏）","duration":0.16820899999993344,"failureMessages":[],"meta":{}},{"ancestorTitles":["actionCards store（V2.4 Block S3）"],"fullName":"actionCards store（V2.4 Block S3） markViewed：响应回填本地并触发同空间列表刷新","status":"passed","title":"markViewed：响应回填本地并触发同空间列表刷新","duration":0.3567090000000235,"failureMessages":[],"meta":{}},{"ancestorTitles":["actionCards store（V2.4 Block S3）"],"fullName":"actionCards store（V2.4 Block S3） dismiss：响应回填本地并触发同空间列表刷新","status":"passed","title":"dismiss：响应回填本地并触发同空间列表刷新","duration":0.19266699999991488,"failureMessages":[],"meta":{}},{"ancestorTitles":["actionCards store（V2.4 Block S3）"],"fullName":"actionCards store（V2.4 Block S3） accept：响应回填本地并触发同空间列表刷新","status":"passed","title":"accept：响应回填本地并触发同空间列表刷新","duration":0.15949999999998,"failureMessages":[],"meta":{}},{"ancestorTitles":["actionCards store（V2.4 Block S3）"],"fullName":"actionCards store（V2.4 Block S3） 并发 accept 竞争：409 CARD_STATE_CONFLICT 刷新对齐后抛错，状态以服务端为准","status":"passed","title":"并发 accept 竞争：409 CARD_STATE_CONFLICT 刷新对齐后抛错，状态以服务端为准","duration":0.4222499999999627,"failureMessages":[],"meta":{}},{"ancestorTitles":["actionCards store（V2.4 Block S3）"],"fullName":"actionCards store（V2.4 Block S3） execute 成功：本地置 executed 并刷新列表","status":"passed","title":"execute 成功：本地置 executed 并刷新列表","duration":0.16395799999997962,"failureMessages":[],"meta":{}},{"ancestorTitles":["actionCards store（V2.4 Block S3）"],"fullName":"actionCards store（V2.4 Block S3） execute 可重试失败：409 CARD_EXECUTE_REJECTED 保持 accepted，仅刷新不改状态","status":"passed","title":"execute 可重试失败：409 CARD_EXECUTE_REJECTED 保持 accepted，仅刷新不改状态","duration":0.41504199999997127,"failureMessages":[],"meta":{}},{"ancestorTitles":["actionCards store（V2.4 Block S3）"],"fullName":"actionCards store（V2.4 Block S3） execute 时卡片已过期：410 对齐为终态并刷新","status":"passed","title":"execute 时卡片已过期：410 对齐为终态并刷新","duration":0.15233299999999872,"failureMessages":[],"meta":{}},{"ancestorTitles":["actionCards store（V2.4 Block S3）"],"fullName":"actionCards store（V2.4 Block S3） resetForSpace / clear：失效边界清理分区","status":"passed","title":"resetForSpace / clear：失效边界清理分区","duration":0.2842080000000351,"failureMessages":[],"meta":{}}],"startTime":1789390574750,"endTime":1789390574757.2842,"status":"passed","message":"","name":"/Users/lyston/PycharmProjects/fg-09-13-steward-snapshot-progressive-recompute/frontend/src/stores/__tests__/actionCards.spec.ts"},{"assertionResults":[{"ancestorTitles":["truncateSessionTitle（会话标题纯展示，AS-1）"],"fullName":"truncateSessionTitle（会话标题纯展示，AS-1） 首条用户消息截断到 24 字并加省略号","status":"passed","title":"首条用户消息截断到 24 字并加省略号","duration":1.8879169999999021,"failureMessages":[],"meta":{}},{"ancestorTitles":["agent store（V2.2 Block C3）"],"fullName":"agent store（V2.2 Block C3） 按 space_id 分区：space1 的活动不泄漏进 space2（AC-AS2）","status":"passed","title":"按 space_id 分区：space1 的活动不泄漏进 space2（AC-AS2）","duration":6.491667000000007,"failureMessages":[],"meta":{}},{"ancestorTitles":["agent store（V2.2 Block C3）"],"fullName":"agent store（V2.2 Block C3） 发送携带 UUID 幂等键；错误时草稿回填且显示结构化文案","status":"passed","title":"发送携带 UUID 幂等键；错误时草稿回填且显示结构化文案","duration":6.304791000000023,"failureMessages":[],"meta":{}},{"ancestorTitles":["agent store（V2.2 Block C3）"],"fullName":"agent store（V2.2 Block C3） 事件投影：工具摘要 started/completed 与终态收口；sessionStorage 游标清理","status":"passed","title":"事件投影：工具摘要 started/completed 与终态收口；sessionStorage 游标清理","duration":1.1239589999998998,"failureMessages":[],"meta":{}},{"ancestorTitles":["agent store（V2.2 Block C3）"],"fullName":"agent store（V2.2 Block C3） 刷新恢复：selectSession 重订阅非终态 Run 并对历史去重合流（AC-AS6）","status":"passed","title":"刷新恢复：selectSession 重订阅非终态 Run 并对历史去重合流（AC-AS6）","duration":0.6356660000000147,"failureMessages":[],"meta":{}},{"ancestorTitles":["agent store（V2.2 Block C3）"],"fullName":"agent store（V2.2 Block C3） resetForSpace：关流、删分区与游标，旧 scope 无残留（跨 scope 对抗）","status":"passed","title":"resetForSpace：关流、删分区与游标，旧 scope 无残留（跨 scope 对抗）","duration":0.4664589999999862,"failureMessages":[],"meta":{}},{"ancestorTitles":["agent store（V2.2 Block C3）"],"fullName":"agent store（V2.2 Block C3） clear：全量清空分区、关流并删除所有 Run 游标（AC-AS7）","status":"passed","title":"clear：全量清空分区、关流并删除所有 Run 游标（AC-AS7）","duration":0.369542000000024,"failureMessages":[],"meta":{}},{"ancestorTitles":["agent store（V2.2 Block C3）"],"fullName":"agent store（V2.2 Block C3） renameSession：原地更新会话列表项并同步标题缓存；失败写入 error","status":"passed","title":"renameSession：原地更新会话列表项并同步标题缓存；失败写入 error","duration":0.30624999999997726,"failureMessages":[],"meta":{}},{"ancestorTitles":["agent store（V2.2 Block C3）"],"fullName":"agent store（V2.2 Block C3） deleteSession：删除当前会话后清场并切换到剩余会话；空列表回到空状态","status":"passed","title":"deleteSession：删除当前会话后清场并切换到剩余会话；空列表回到空状态","duration":0.3871669999999767,"failureMessages":[],"meta":{}},{"ancestorTitles":["agent store（V2.2 Block C3）"],"fullName":"agent store（V2.2 Block C3） deleteSession：409（有进行中 Run）写入 error 横幅且不清场","status":"passed","title":"deleteSession：409（有进行中 Run）写入 error 横幅且不清场","duration":0.24837500000001,"failureMessages":[],"meta":{}},{"ancestorTitles":["agent store（V2.2 Block C3）"],"fullName":"agent store（V2.2 Block C3） assistant_added 无引用时按 (run_id, seq) 补取并合并 citations","status":"passed","title":"assistant_added 无引用时按 (run_id, seq) 补取并合并 citations","duration":52.95262500000001,"failureMessages":[],"meta":{}},{"ancestorTitles":["agent store（V2.2 Block C3）"],"fullName":"agent store（V2.2 Block C3） partial inline citations still use fallback and a complete projection preserves unavailable counts","status":"passed","title":"partial inline citations still use fallback and a complete projection preserves unavailable counts","duration":52.62254200000007,"failureMessages":[],"meta":{}},{"ancestorTitles":["agent store（V2.2 Block C3）"],"fullName":"agent store（V2.2 Block C3） citation fallback failures preserve the body and can retry","status":"passed","title":"citation fallback failures preserve the body and can retry","duration":53.88416700000005,"failureMessages":[],"meta":{}},{"ancestorTitles":["agent store（V2.2 Block C3）"],"fullName":"agent store（V2.2 Block C3） a late citation response cannot restore data after the space is reset","status":"passed","title":"a late citation response cannot restore data after the space is reset","duration":1.7058749999999918,"failureMessages":[],"meta":{}},{"ancestorTitles":["agent store（V2.2 Block C3）"],"fullName":"agent store（V2.2 Block C3） auth.clearSession() 联动清空 agent store（AC-AS7）","status":"passed","title":"auth.clearSession() 联动清空 agent store（AC-AS7）","duration":8.813083000000006,"failureMessages":[],"meta":{}},{"ancestorTitles":["agent store（V2.2 Block C3）"],"fullName":"agent store（V2.2 Block C3） 事件投影：解析受控联网外部引用（web_citations）并丢弃非法项","status":"passed","title":"事件投影：解析受控联网外部引用（web_citations）并丢弃非法项","duration":0.36691700000005767,"failureMessages":[],"meta":{}}],"startTime":1789390572262,"endTime":1789390572451.367,"status":"passed","message":"","name":"/Users/lyston/PycharmProjects/fg-09-13-steward-snapshot-progressive-recompute/frontend/src/stores/__tests__/agent.spec.ts"},{"assertionResults":[{"ancestorTitles":["auth store: 家庭主体登录与缓存清理"],"fullName":"auth store: 家庭主体登录与缓存清理 family_user 登录：token 正常落位，保留既有家庭会话数据","status":"passed","title":"family_user 登录：token 正常落位，保留既有家庭会话数据","duration":22.24670900000001,"failureMessages":[],"meta":{}},{"ancestorTitles":["auth store: 家庭主体登录与缓存清理"],"fullName":"auth store: 家庭主体登录与缓存清理 登出回归：clearSession 全量清空凭据与家庭 stores","status":"passed","title":"登出回归：clearSession 全量清空凭据与家庭 stores","duration":9.703041999999982,"failureMessages":[],"meta":{}},{"ancestorTitles":["auth store: 注册（09-05）"],"fullName":"auth store: 注册（09-05） 注册成功：token 落地与 login 同路径（applyTokenPair），refresh token 持久化","status":"passed","title":"注册成功：token 落地与 login 同路径（applyTokenPair），refresh token 持久化","duration":3.719875000000002,"failureMessages":[],"meta":{}},{"ancestorTitles":["auth store: 注册（09-05）"],"fullName":"auth store: 注册（09-05） 注册成功不带邀请码：code 透传 undefined","status":"passed","title":"注册成功不带邀请码：code 透传 undefined","duration":1.0994170000000167,"failureMessages":[],"meta":{}},{"ancestorTitles":["auth store: 注册（09-05）"],"fullName":"auth store: 注册（09-05） checkBootstrap 投影注册开关：registration_enabled=false 落入 store","status":"passed","title":"checkBootstrap 投影注册开关：registration_enabled=false 落入 store","duration":0.7731249999999363,"failureMessages":[],"meta":{}},{"ancestorTitles":["auth store: 会话过期跳转守卫（/login 重载循环回归）"],"fullName":"auth store: 会话过期跳转守卫（/login 重载循环回归） family_user 会话失效（默认）：非 /login 路径整页跳转到 /login","status":"passed","title":"family_user 会话失效（默认）：非 /login 路径整页跳转到 /login","duration":3.489125000000058,"failureMessages":[],"meta":{}},{"ancestorTitles":["auth store: 会话过期跳转守卫（/login 重载循环回归）"],"fullName":"auth store: 会话过期跳转守卫（/login 重载循环回归） 已在 /login：不再 assign（初始导航窗口 401 → 重复 assign 曾形成 /login 无限重载）","status":"passed","title":"已在 /login：不再 assign（初始导航窗口 401 → 重复 assign 曾形成 /login 无限重载）","duration":0.302332999999976,"failureMessages":[],"meta":{}},{"ancestorTitles":["auth store: 会话过期跳转守卫（/login 重载循环回归）"],"fullName":"auth store: 会话过期跳转守卫（/login 重载循环回归） wireAuthInterceptors 的会话失效回调：清空会话后整页回 /login","status":"passed","title":"wireAuthInterceptors 的会话失效回调：清空会话后整页回 /login","duration":1.2263750000000755,"failureMessages":[],"meta":{}}],"startTime":1789390573951,"endTime":1789390573994.2263,"status":"passed","message":"","name":"/Users/lyston/PycharmProjects/fg-09-13-steward-snapshot-progressive-recompute/frontend/src/stores/__tests__/auth.spec.ts"},{"assertionResults":[{"ancestorTitles":["governance store（v2 F-1/F-5）"],"fullName":"governance store（v2 F-1/F-5） loadFactReviews：拉取清单并派生 pending 列表","status":"passed","title":"loadFactReviews：拉取清单并派生 pending 列表","duration":2.387458000000038,"failureMessages":[],"meta":{}},{"ancestorTitles":["governance store（v2 F-1/F-5）"],"fullName":"governance store（v2 F-1/F-5） decideReviewItem：决议后本地同步清单项","status":"passed","title":"decideReviewItem：决议后本地同步清单项","duration":0.7916669999999613,"failureMessages":[],"meta":{}},{"ancestorTitles":["governance store（v2 F-1/F-5）"],"fullName":"governance store（v2 F-1/F-5） requestExport：创建后刷新申请历史（F-5）","status":"passed","title":"requestExport：创建后刷新申请历史（F-5）","duration":0.5511249999999563,"failureMessages":[],"meta":{}},{"ancestorTitles":["governance store（v2 F-1/F-5）"],"fullName":"governance store（v2 F-1/F-5） clear：清空确档/数据权利/争议缓存","status":"passed","title":"clear：清空确档/数据权利/争议缓存","duration":0.8540839999999434,"failureMessages":[],"meta":{}}],"startTime":1789390575312,"endTime":1789390575315.854,"status":"passed","message":"","name":"/Users/lyston/PycharmProjects/fg-09-13-steward-snapshot-progressive-recompute/frontend/src/stores/__tests__/governance.spec.ts"},{"assertionResults":[{"ancestorTitles":["graph store space boundary"],"fullName":"graph store space boundary loads graph with explicit space_id and records cache scope","status":"passed","title":"loads graph with explicit space_id and records cache scope","duration":3.743624999999952,"failureMessages":[],"meta":{}},{"ancestorTitles":["graph store space boundary"],"fullName":"graph store space boundary does not call global graph when no active space exists","status":"passed","title":"does not call global graph when no active space exists","duration":0.9299170000000458,"failureMessages":[],"meta":{}},{"ancestorTitles":["graph store space boundary"],"fullName":"graph store space boundary clears previous graph while switching and ignores stale response","status":"passed","title":"clears previous graph while switching and ignores stale response","duration":1.015374999999949,"failureMessages":[],"meta":{}}],"startTime":1789390575950,"endTime":1789390575956.0154,"status":"passed","message":"","name":"/Users/lyston/PycharmProjects/fg-09-13-steward-snapshot-progressive-recompute/frontend/src/stores/__tests__/graph.spec.ts"},{"assertionResults":[{"ancestorTitles":["householdCard store（design.md §4.2）"],"fullName":"householdCard store（design.md §4.2） load：按明确 space_id 拉取并缓存快照","status":"passed","title":"load：按明确 space_id 拉取并缓存快照","duration":3.6555419999999685,"failureMessages":[],"meta":{}},{"ancestorTitles":["householdCard store（design.md §4.2）"],"fullName":"householdCard store（design.md §4.2） 304：保留同一快照对象，不重建引用","status":"passed","title":"304：保留同一快照对象，不重建引用","duration":0.4426660000000311,"failureMessages":[],"meta":{}},{"ancestorTitles":["householdCard store（design.md §4.2）"],"fullName":"householdCard store（design.md §4.2） refresh（force）：跳过 ETag 并替换快照","status":"passed","title":"refresh（force）：跳过 ETag 并替换快照","duration":0.22716700000000856,"failureMessages":[],"meta":{}},{"ancestorTitles":["householdCard store（design.md §4.2）"],"fullName":"householdCard store（design.md §4.2） epoch：clearSpace 后才 resolve 的旧响应不回写","status":"passed","title":"epoch：clearSpace 后才 resolve 的旧响应不回写","duration":0.44612499999993815,"failureMessages":[],"meta":{}},{"ancestorTitles":["householdCard store（design.md §4.2）"],"fullName":"householdCard store（design.md §4.2） load 失败：错误记录在该空间并向上抛出","status":"passed","title":"load 失败：错误记录在该空间并向上抛出","duration":1.512833999999998,"failureMessages":[],"meta":{}},{"ancestorTitles":["householdCard store（design.md §4.2）"],"fullName":"householdCard store（design.md §4.2） clearSpace 只清理目标空间；clear 清空全部","status":"passed","title":"clearSpace 只清理目标空间；clear 清空全部","duration":0.3405410000000302,"failureMessages":[],"meta":{}}],"startTime":1789390574684,"endTime":1789390574690.513,"status":"passed","message":"","name":"/Users/lyston/PycharmProjects/fg-09-13-steward-snapshot-progressive-recompute/frontend/src/stores/__tests__/household.spec.ts"},{"assertionResults":[{"ancestorTitles":["kinship store（V2.3 Block E4c）"],"fullName":"kinship store（V2.3 Block E4c） resolvePair 按 space:viewer:target 缓存：命中不发请求，force 绕过缓存","status":"passed","title":"resolvePair 按 space:viewer:target 缓存：命中不发请求，force 绕过缓存","duration":3.3818750000000364,"failureMessages":[],"meta":{}},{"ancestorTitles":["kinship store（V2.3 Block E4c）"],"fullName":"kinship store（V2.3 Block E4c） flag 关闭（503）：available=false 且动作返回 null，UI 据此隐藏入口","status":"passed","title":"flag 关闭（503）：available=false 且动作返回 null，UI 据此隐藏入口","duration":1.1465839999999616,"failureMessages":[],"meta":{}},{"ancestorTitles":["kinship store（V2.3 Block E4c）"],"fullName":"kinship store（V2.3 Block E4c） 新授权视图失效目标解析时，旧请求不能回写且其他目标缓存保留","status":"passed","title":"新授权视图失效目标解析时，旧请求不能回写且其他目标缓存保留","duration":1.2174999999999727,"failureMessages":[],"meta":{}},{"ancestorTitles":["kinship store（V2.3 Block E4c）"],"fullName":"kinship store（V2.3 Block E4c） 非降级错误原样抛出，不改变 available","status":"passed","title":"非降级错误原样抛出，不改变 available","duration":0.8002079999999978,"failureMessages":[],"meta":{}},{"ancestorTitles":["kinship store（V2.3 Block E4c）"],"fullName":"kinship store（V2.3 Block E4c） resetForSpace 只清该空间缓存与词条；其他空间保留","status":"passed","title":"resetForSpace 只清该空间缓存与词条；其他空间保留","duration":0.8224999999999909,"failureMessages":[],"meta":{}},{"ancestorTitles":["kinship store（V2.3 Block E4c）"],"fullName":"kinship store（V2.3 Block E4c） correctTerm 失效本人所有空间的 resolve 缓存","status":"passed","title":"correctTerm 失效本人所有空间的 resolve 缓存","duration":4.132541999999944,"failureMessages":[],"meta":{}},{"ancestorTitles":["kinship store（V2.3 Block E4c）"],"fullName":"kinship store（V2.3 Block E4c） loadMyTerms 带 space_id 拉取并记录空间；submitUsage 固定 manual_select","status":"passed","title":"loadMyTerms 带 space_id 拉取并记录空间；submitUsage 固定 manual_select","duration":2.884541000000013,"failureMessages":[],"meta":{}},{"ancestorTitles":["kinship store（V2.3 Block E4c）"],"fullName":"kinship store（V2.3 Block E4c） parseText 成功存结果；失败写 parseError 并返回 null","status":"passed","title":"parseText 成功存结果；失败写 parseError 并返回 null","duration":0.5141249999999218,"failureMessages":[],"meta":{}},{"ancestorTitles":["kinship store（V2.3 Block E4c）"],"fullName":"kinship store（V2.3 Block E4c） parseText 遇 503 返回 null 并置 disabled；clear() 全量清理（auth 登出联动）","status":"passed","title":"parseText 遇 503 返回 null 并置 disabled；clear() 全量清理（auth 登出联动）","duration":0.7526670000000877,"failureMessages":[],"meta":{}},{"ancestorTitles":["kinship store（V2.3 Block E4c）"],"fullName":"kinship store（V2.3 Block E4c） clear 后迟到解析不回写称谓或能力状态","status":"passed","title":"clear 后迟到解析不回写称谓或能力状态","duration":0.5319160000000238,"failureMessages":[],"meta":{}},{"ancestorTitles":["kinship store（V2.3 Block E4c）"],"fullName":"kinship store（V2.3 Block E4c） resetForSpace 后迟到解析不回写称谓或能力状态","status":"passed","title":"resetForSpace 后迟到解析不回写称谓或能力状态","duration":0.6512910000000147,"failureMessages":[],"meta":{}},{"ancestorTitles":["kinship store（V2.3 Block E4c）"],"fullName":"kinship store（V2.3 Block E4c） 个人修改使在途旧解析失效，旧称谓不能覆盖修改后的结果","status":"passed","title":"个人修改使在途旧解析失效，旧称谓不能覆盖修改后的结果","duration":1.1640409999999974,"failureMessages":[],"meta":{}},{"ancestorTitles":["kinship store（V2.3 Block E4c）"],"fullName":"kinship store（V2.3 Block E4c） 同目标较早 force 请求不能覆盖较新的解析","status":"passed","title":"同目标较早 force 请求不能覆盖较新的解析","duration":0.8730829999999514,"failureMessages":[],"meta":{}},{"ancestorTitles":["kinship store（V2.3 Block E4c）"],"fullName":"kinship store（V2.3 Block E4c） 登出后迟到个人词条不回写","status":"passed","title":"登出后迟到个人词条不回写","duration":0.7246659999999565,"failureMessages":[],"meta":{}},{"ancestorTitles":["kinship store（V2.3 Block E4c）"],"fullName":"kinship store（V2.3 Block E4c） 切空间立即清理在途词条与解析的 loading，迟到响应仍被丢弃","status":"passed","title":"切空间立即清理在途词条与解析的 loading，迟到响应仍被丢弃","duration":0.2089579999999387,"failureMessages":[],"meta":{}}],"startTime":1789390574507,"endTime":1789390574527.209,"status":"passed","message":"","name":"/Users/lyston/PycharmProjects/fg-09-13-steward-snapshot-progressive-recompute/frontend/src/stores/__tests__/kinship.spec.ts"},{"assertionResults":[{"ancestorTitles":["memory store (server state and explicit scope)"],"fullName":"memory store (server state and explicit scope) loads candidates and memories for the selected space","status":"passed","title":"loads candidates and memories for the selected space","duration":5.6954580000000306,"failureMessages":[],"meta":{}},{"ancestorTitles":["memory store (server state and explicit scope)"],"fullName":"memory store (server state and explicit scope) a failed feature refresh clears a previously enabled state instead of treating it as disabled","status":"passed","title":"a failed feature refresh clears a previously enabled state instead of treating it as disabled","duration":1.086416999999983,"failureMessages":[],"meta":{}},{"ancestorTitles":["memory store (server state and explicit scope)"],"fullName":"memory store (server state and explicit scope) a late feature response cannot re-enable a cleared account","status":"passed","title":"a late feature response cannot re-enable a cleared account","duration":0.267832999999996,"failureMessages":[],"meta":{}},{"ancestorTitles":["memory store (server state and explicit scope)"],"fullName":"memory store (server state and explicit scope) Memory off blocks every write while independent RAG search still works","status":"passed","title":"Memory off blocks every write while independent RAG search still works","duration":0.8929580000000215,"failureMessages":[],"meta":{}},{"ancestorTitles":["memory store (server state and explicit scope)"],"fullName":"memory store (server state and explicit scope) does not confirm a unavailable source","status":"passed","title":"does not confirm a unavailable source","duration":2.105415999999991,"failureMessages":[],"meta":{}},{"ancestorTitles":["memory store (server state and explicit scope)"],"fullName":"memory store (server state and explicit scope) does not confirm a unverified source","status":"passed","title":"does not confirm a unverified source","duration":0.45637499999998,"failureMessages":[],"meta":{}},{"ancestorTitles":["memory store (server state and explicit scope)"],"fullName":"memory store (server state and explicit scope) does not invent a shareable scope absent from the server source projection","status":"passed","title":"does not invent a shareable scope absent from the server source projection","duration":0.3312079999999469,"failureMessages":[],"meta":{}},{"ancestorTitles":["memory store (server state and explicit scope)"],"fullName":"memory store (server state and explicit scope) creation rejection preserves the last server list and does not insert a candidate","status":"passed","title":"creation rejection preserves the last server list and does not insert a candidate","duration":0.3913749999999254,"failureMessages":[],"meta":{}},{"ancestorTitles":["memory store (server state and explicit scope)"],"fullName":"memory store (server state and explicit scope) reports a committed operation whose refresh failed and permits the same-key retry","status":"passed","title":"reports a committed operation whose refresh failed and permits the same-key retry","duration":0.4705830000000333,"failureMessages":[],"meta":{}},{"ancestorTitles":["memory store (server state and explicit scope)"],"fullName":"memory store (server state and explicit scope) a rejected confirmation neither removes the pending candidate nor reloads a fake success","status":"passed","title":"a rejected confirmation neither removes the pending candidate nor reloads a fake success","duration":0.3650000000000091,"failureMessages":[],"meta":{}},{"ancestorTitles":["memory store (server state and explicit scope)"],"fullName":"memory store (server state and explicit scope) confirm reloads both server projections and preserves the explicit scope","status":"passed","title":"confirm reloads both server projections and preserves the explicit scope","duration":14.065208999999982,"failureMessages":[],"meta":{}},{"ancestorTitles":["memory store (server state and explicit scope)"],"fullName":"memory store (server state and explicit scope) createCandidate only creates a candidate and re-reads the pending list (no optimistic insert)","status":"passed","title":"createCandidate only creates a candidate and re-reads the pending list (no optimistic insert)","duration":23.648041000000035,"failureMessages":[],"meta":{}},{"ancestorTitles":["memory store (server state and explicit scope)"],"fullName":"memory store (server state and explicit scope) dismiss, revoke and delete all re-read server state","status":"passed","title":"dismiss, revoke and delete all re-read server state","duration":0.6403330000000551,"failureMessages":[],"meta":{}},{"ancestorTitles":["memory store (server state and explicit scope)"],"fullName":"memory store (server state and explicit scope) keeps private memories and only the selected space shared projection","status":"passed","title":"keeps private memories and only the selected space shared projection","duration":0.5029590000000326,"failureMessages":[],"meta":{}},{"ancestorTitles":["memory store (server state and explicit scope)"],"fullName":"memory store (server state and explicit scope) clear invalidates in-flight responses","status":"passed","title":"clear invalidates in-flight responses","duration":0.1614160000000311,"failureMessages":[],"meta":{}},{"ancestorTitles":["memory store (server state and explicit scope)"],"fullName":"memory store (server state and explicit scope) resetForSpace clears the space partition including shared memories and RAG citations","status":"passed","title":"resetForSpace clears the space partition including shared memories and RAG citations","duration":0.9744170000000167,"failureMessages":[],"meta":{}},{"ancestorTitles":["memory store (server state and explicit scope)"],"fullName":"memory store (server state and explicit scope) a late old query cannot replace the latest result or repopulate a cleared search","status":"passed","title":"a late old query cannot replace the latest result or repopulate a cleared search","duration":0.28774999999996,"failureMessages":[],"meta":{}},{"ancestorTitles":["memory store (server state and explicit scope)"],"fullName":"memory store (server state and explicit scope) source mutations clear old saveable RAG results and fence their pending responses","status":"passed","title":"source mutations clear old saveable RAG results and fence their pending responses","duration":0.1834999999999809,"failureMessages":[],"meta":{}},{"ancestorTitles":["memory store (server state and explicit scope)"],"fullName":"memory store (server state and explicit scope) a delayed combined refresh cannot restore an available candidate over a newer restricted projection","status":"passed","title":"a delayed combined refresh cannot restore an available candidate over a newer restricted projection","duration":3.744416000000001,"failureMessages":[],"meta":{}},{"ancestorTitles":["memory store (server state and explicit scope)"],"fullName":"memory store (server state and explicit scope) a delayed private list cannot replace a newer restricted projection","status":"passed","title":"a delayed private list cannot replace a newer restricted projection","duration":5.308750000000032,"failureMessages":[],"meta":{}},{"ancestorTitles":["memory store (server state and explicit scope)"],"fullName":"memory store (server state and explicit scope) a pending space list cannot restore a revoked memory after a mutation refresh","status":"passed","title":"a pending space list cannot restore a revoked memory after a mutation refresh","duration":0.31912499999998545,"failureMessages":[],"meta":{}},{"ancestorTitles":["memory store (server state and explicit scope)"],"fullName":"memory store (server state and explicit scope) a reset space stays removed when its old combined refresh completes","status":"passed","title":"a reset space stays removed when its old combined refresh completes","duration":0.22220800000002328,"failureMessages":[],"meta":{}},{"ancestorTitles":["memory store (server state and explicit scope)"],"fullName":"memory store (server state and explicit scope) an old mutation cannot start another refresh after clear","status":"passed","title":"an old mutation cannot start another refresh after clear","duration":0.2422910000000229,"failureMessages":[],"meta":{}},{"ancestorTitles":["memory store (server state and explicit scope)"],"fullName":"memory store (server state and explicit scope) an old mutation cannot start another refresh after reset","status":"passed","title":"an old mutation cannot start another refresh after reset","duration":1.6777910000000702,"failureMessages":[],"meta":{}},{"ancestorTitles":["memory store (server state and explicit scope)"],"fullName":"memory store (server state and explicit scope) a refresh failure discards the previously readable private and shared lists","status":"passed","title":"a refresh failure discards the previously readable private and shared lists","duration":0.2923749999999927,"failureMessages":[],"meta":{}},{"ancestorTitles":["memory store (server state and explicit scope)"],"fullName":"memory store (server state and explicit scope) late load failures do not put the cleared account back into an error state","status":"passed","title":"late load failures do not put the cleared account back into an error state","duration":0.14575000000002092,"failureMessages":[],"meta":{}},{"ancestorTitles":["memory store (server state and explicit scope)"],"fullName":"memory store (server state and explicit scope) feature refresh discards cached and pending RAG results across disable and re-enable","status":"passed","title":"feature refresh discards cached and pending RAG results across disable and re-enable","duration":0.18224999999995362,"failureMessages":[],"meta":{}}],"startTime":1789390573188,"endTime":1789390573252.2925,"status":"passed","message":"","name":"/Users/lyston/PycharmProjects/fg-09-13-steward-snapshot-progressive-recompute/frontend/src/stores/__tests__/memory.spec.ts"},{"assertionResults":[{"ancestorTitles":["notifications store（design.md §4.4）"],"fullName":"notifications store（design.md §4.4） load：按明确 space_id 拉取，未读数来自服务端载荷","status":"passed","title":"load：按明确 space_id 拉取，未读数来自服务端载荷","duration":5.127958000000035,"failureMessages":[],"meta":{}},{"ancestorTitles":["notifications store（design.md §4.4）"],"fullName":"notifications store（design.md §4.4） 304：保留同一快照对象","status":"passed","title":"304：保留同一快照对象","duration":0.3981659999999465,"failureMessages":[],"meta":{}},{"ancestorTitles":["notifications store（design.md §4.4）"],"fullName":"notifications store（design.md §4.4） markRead：仅服务端已读 + 重读列表；重读前不做乐观更新","status":"passed","title":"markRead：仅服务端已读 + 重读列表；重读前不做乐观更新","duration":0.5433329999999614,"failureMessages":[],"meta":{}},{"ancestorTitles":["notifications store（design.md §4.4）"],"fullName":"notifications store（design.md §4.4） markRead 与 ActionCard 状态严格分离：已读后 ActionCard 引用仅随服务端载荷变化","status":"passed","title":"markRead 与 ActionCard 状态严格分离：已读后 ActionCard 引用仅随服务端载荷变化","duration":0.2163749999999709,"failureMessages":[],"meta":{}},{"ancestorTitles":["notifications store（design.md §4.4）"],"fullName":"notifications store（design.md §4.4） markRead 期间空间被清理：不再为旧上下文回读列表","status":"passed","title":"markRead 期间空间被清理：不再为旧上下文回读列表","duration":0.21524999999996908,"failureMessages":[],"meta":{}},{"ancestorTitles":["notifications store（design.md §4.4）"],"fullName":"notifications store（design.md §4.4） markRead 失败：错误向上抛出，列表保持服务端原状","status":"passed","title":"markRead 失败：错误向上抛出，列表保持服务端原状","duration":0.6593749999999545,"failureMessages":[],"meta":{}},{"ancestorTitles":["notifications store（design.md §4.4）"],"fullName":"notifications store（design.md §4.4） markAllRead：POST 全部已读后重读列表","status":"passed","title":"markAllRead：POST 全部已读后重读列表","duration":0.2593339999999671,"failureMessages":[],"meta":{}},{"ancestorTitles":["notifications store（design.md §4.4）"],"fullName":"notifications store（design.md §4.4） epoch：clear 后才 resolve 的旧列表响应不回写","status":"passed","title":"epoch：clear 后才 resolve 的旧列表响应不回写","duration":0.2161669999999276,"failureMessages":[],"meta":{}},{"ancestorTitles":["notifications store（design.md §4.4）"],"fullName":"notifications store（design.md §4.4） load 失败：错误记录在该空间并向上抛出","status":"passed","title":"load 失败：错误记录在该空间并向上抛出","duration":0.3613750000000664,"failureMessages":[],"meta":{}},{"ancestorTitles":["notifications store（design.md §4.4）"],"fullName":"notifications store（design.md §4.4） clearSpace 只清理目标空间；clear 清空全部","status":"passed","title":"clearSpace 只清理目标空间；clear 清空全部","duration":0.1558750000000373,"failureMessages":[],"meta":{}}],"startTime":1789390574109,"endTime":1789390574117.3613,"status":"passed","message":"","name":"/Users/lyston/PycharmProjects/fg-09-13-steward-snapshot-progressive-recompute/frontend/src/stores/__tests__/notifications.spec.ts"},{"assertionResults":[{"ancestorTitles":["personalFamilyView store（design.md §4.1）"],"fullName":"personalFamilyView store（design.md §4.1） load：按明确 space_id 拉取并缓存快照，forSpace 返回已解码数据","status":"passed","title":"load：按明确 space_id 拉取并缓存快照，forSpace 返回已解码数据","duration":5.150041999999985,"failureMessages":[],"meta":{}},{"ancestorTitles":["personalFamilyView store（design.md §4.1）"],"fullName":"personalFamilyView store（design.md §4.1） load：带缓存的非 force 请求复用 etag，304 保留同一快照对象","status":"passed","title":"load：带缓存的非 force 请求复用 etag，304 保留同一快照对象","duration":0.6506249999999909,"failureMessages":[],"meta":{}},{"ancestorTitles":["personalFamilyView store（design.md §4.1）"],"fullName":"personalFamilyView store（design.md §4.1） refresh（force）：跳过 ETag 条件请求并用新快照替换","status":"passed","title":"refresh（force）：跳过 ETag 条件请求并用新快照替换","duration":0.5748749999999063,"failureMessages":[],"meta":{}},{"ancestorTitles":["personalFamilyView store（design.md §4.1）"],"fullName":"personalFamilyView store（design.md §4.1） reloadAfterBridgeChange：Bridge 状态变化后强制 refresh（跳过 ETag），只读重载无任何写操作","status":"passed","title":"reloadAfterBridgeChange：Bridge 状态变化后强制 refresh（跳过 ETag），只读重载无任何写操作","duration":0.3762500000000273,"failureMessages":[],"meta":{}},{"ancestorTitles":["personalFamilyView store（design.md §4.1）"],"fullName":"personalFamilyView store（design.md §4.1） epoch：clearSpace 后才 resolve 的旧响应不回写","status":"passed","title":"epoch：clearSpace 后才 resolve 的旧响应不回写","duration":0.7158339999999725,"failureMessages":[],"meta":{}},{"ancestorTitles":["personalFamilyView store（design.md §4.1）"],"fullName":"personalFamilyView store（design.md §4.1） epoch：clear 后才 reject 的旧请求不写入错误状态","status":"passed","title":"epoch：clear 后才 reject 的旧请求不写入错误状态","duration":0.3644170000000031,"failureMessages":[],"meta":{}},{"ancestorTitles":["personalFamilyView store（design.md §4.1）"],"fullName":"personalFamilyView store（design.md §4.1） load 失败：错误记录在该空间并向上抛出","status":"passed","title":"load 失败：错误记录在该空间并向上抛出","duration":0.9065000000000509,"failureMessages":[],"meta":{}},{"ancestorTitles":["personalFamilyView store（design.md §4.1）"],"fullName":"personalFamilyView store（design.md §4.1） clearSpace 只清理目标空间；clear 清空全部并失效在途响应","status":"passed","title":"clearSpace 只清理目标空间；clear 清空全部并失效在途响应","duration":0.3205409999999347,"failureMessages":[],"meta":{}},{"ancestorTitles":["personalFamilyView store（design.md §4.1）"],"fullName":"personalFamilyView store（design.md §4.1） getVisiblePerson：只在当前快照内命中，找不到返回 null（安全不可见）","status":"passed","title":"getVisiblePerson：只在当前快照内命中，找不到返回 null（安全不可见）","duration":0.31808300000000145,"failureMessages":[],"meta":{}},{"ancestorTitles":["personalFamilyView store（design.md §4.1）"],"fullName":"personalFamilyView store（design.md §4.1） getRelationshipDetail：两端任一顺序命中同一条边","status":"passed","title":"getRelationshipDetail：两端任一顺序命中同一条边","duration":0.278458999999998,"failureMessages":[],"meta":{}}],"startTime":1789390574525,"endTime":1789390574534.3206,"status":"passed","message":"","name":"/Users/lyston/PycharmProjects/fg-09-13-steward-snapshot-progressive-recompute/frontend/src/stores/__tests__/personalFamilyView.spec.ts"},{"assertionResults":[{"ancestorTitles":["PFV version ordering and display authorization"],"fullName":"PFV version ordering and display authorization coalesces readers and lets a forced refresh supersede even a newer-looking late response","status":"passed","title":"coalesces readers and lets a forced refresh supersede even a newer-looking late response","duration":8.665332999999919,"failureMessages":[],"meta":{}},{"ancestorTitles":["PFV version ordering and display authorization"],"fullName":"PFV version ordering and display authorization rejects generation/revision regressions without renewal and replaces all rows on a new generation","status":"passed","title":"rejects generation/revision regressions without renewal and replaces all rows on a new generation","duration":1.1868749999999864,"failureMessages":[],"meta":{}},{"ancestorTitles":["PFV version ordering and display authorization"],"fullName":"PFV version ordering and display authorization keeps coordinates through 'preparing' and prunes only after the next authorized skeleton","status":"passed","title":"keeps coordinates through 'preparing' and prunes only after the next authorized skeleton","duration":1.002375000000029,"failureMessages":[],"meta":{}},{"ancestorTitles":["PFV version ordering and display authorization"],"fullName":"PFV version ordering and display authorization keeps coordinates through 'retrying' and prunes only after the next authorized skeleton","status":"passed","title":"keeps coordinates through 'retrying' and prunes only after the next authorized skeleton","duration":5.8291659999999865,"failureMessages":[],"meta":{}},{"ancestorTitles":["PFV version ordering and display authorization"],"fullName":"PFV version ordering and display authorization an authoritative empty ready preview clears remembered coordinates","status":"passed","title":"an authoritative empty ready preview clears remembered coordinates","duration":1.4158330000000205,"failureMessages":[],"meta":{}},{"ancestorTitles":["PFV version ordering and display authorization"],"fullName":"PFV version ordering and display authorization personal term invalidation cancels old work and payloads while preserving only this viewer layout","status":"passed","title":"personal term invalidation cancels old work and payloads while preserving only this viewer layout","duration":14.696332999999981,"failureMessages":[],"meta":{}},{"ancestorTitles":["PFV version ordering and display authorization"],"fullName":"PFV version ordering and display authorization space term invalidation cancels old work and payloads while preserving only this viewer layout","status":"passed","title":"space term invalidation cancels old work and payloads while preserving only this viewer layout","duration":4.435917000000018,"failureMessages":[],"meta":{}},{"ancestorTitles":["PFV version ordering and display authorization"],"fullName":"PFV version ordering and display authorization renews a matched 304 without replacing data; missing and mismatched headers never extend expiry","status":"passed","title":"renews a matched 304 without replacing data; missing and mismatched headers never extend expiry","duration":1.2199170000000095,"failureMessages":[],"meta":{}},{"ancestorTitles":["PFV version ordering and display authorization"],"fullName":"PFV version ordering and display authorization a late 304 cannot renew a replacement snapshot","status":"passed","title":"a late 304 cannot renew a replacement snapshot","duration":0.4811249999999063,"failureMessages":[],"meta":{}},{"ancestorTitles":["PFV version ordering and display authorization"],"fullName":"PFV version ordering and display authorization remembers version ordering after expiration and never resurrects older or legacy bodies","status":"passed","title":"remembers version ordering after expiration and never resurrects older or legacy bodies","duration":1.0883749999999281,"failureMessages":[],"meta":{}},{"ancestorTitles":["PFV version ordering and display authorization"],"fullName":"PFV version ordering and display authorization 401 clears content and coordinates immediately; a retry never reveals the denied snapshot","status":"passed","title":"401 clears content and coordinates immediately; a retry never reveals the denied snapshot","duration":1.1271249999999782,"failureMessages":[],"meta":{}},{"ancestorTitles":["PFV version ordering and display authorization"],"fullName":"PFV version ordering and display authorization 403 clears content and coordinates immediately; a retry never reveals the denied snapshot","status":"passed","title":"403 clears content and coordinates immediately; a retry never reveals the denied snapshot","duration":0.4823340000000371,"failureMessages":[],"meta":{}},{"ancestorTitles":["PFV version ordering and display authorization"],"fullName":"PFV version ordering and display authorization 404 clears content and coordinates immediately; a retry never reveals the denied snapshot","status":"passed","title":"404 clears content and coordinates immediately; a retry never reveals the denied snapshot","duration":0.3881250000000591,"failureMessages":[],"meta":{}},{"ancestorTitles":["PFV version ordering and display authorization"],"fullName":"PFV version ordering and display authorization retains a network-failed snapshot only until the independently scheduled deadline","status":"passed","title":"retains a network-failed snapshot only until the independently scheduled deadline","duration":0.6402499999999236,"failureMessages":[],"meta":{}},{"ancestorTitles":["PFV version ordering and display authorization"],"fullName":"PFV version ordering and display authorization rejects progressive data without an explicit valid deadline","status":"passed","title":"rejects progressive data without an explicit valid deadline","duration":0.92837499999996,"failureMessages":[],"meta":{}},{"ancestorTitles":["PFV version ordering and display authorization"],"fullName":"PFV version ordering and display authorization moving the local wall clock backwards does not extend an offline display deadline","status":"passed","title":"moving the local wall clock backwards does not extend an offline display deadline","duration":1.121167000000014,"failureMessages":[],"meta":{}},{"ancestorTitles":["PFV version ordering and display authorization"],"fullName":"PFV version ordering and display authorization identity changes cancel pending reads, data, layout and later callbacks","status":"passed","title":"identity changes cancel pending reads, data, layout and later callbacks","duration":1.4922500000000127,"failureMessages":[],"meta":{}},{"ancestorTitles":["PFV version ordering and display authorization"],"fullName":"PFV version ordering and display authorization deduplicates authorized pending-target demand and sends an explicit bounded retry","status":"passed","title":"deduplicates authorized pending-target demand and sends an explicit bounded retry","duration":1.6452500000000327,"failureMessages":[],"meta":{}},{"ancestorTitles":["PFV version ordering and display authorization"],"fullName":"PFV version ordering and display authorization a rejected retry clears data and propagates the denial without issuing a following read","status":"passed","title":"a rejected retry clears data and propagates the denial without issuing a following read","duration":1.4906250000000227,"failureMessages":[],"meta":{}},{"ancestorTitles":["PFV version ordering and display authorization"],"fullName":"PFV version ordering and display authorization a late focus acknowledgement cannot clear a newer read error","status":"passed","title":"a late focus acknowledgement cannot clear a newer read error","duration":1.2559579999999642,"failureMessages":[],"meta":{}}],"startTime":1789390573986,"endTime":1789390574036.2559,"status":"passed","message":"","name":"/Users/lyston/PycharmProjects/fg-09-13-steward-snapshot-progressive-recompute/frontend/src/stores/__tests__/personalFamilyViewProgress.spec.ts"},{"assertionResults":[{"ancestorTitles":["spaceStats store（design.md §4.4）"],"fullName":"spaceStats store（design.md §4.4） load：按明确 space_id 拉取并缓存授权聚合","status":"passed","title":"load：按明确 space_id 拉取并缓存授权聚合","duration":4.931291999999985,"failureMessages":[],"meta":{}},{"ancestorTitles":["spaceStats store（design.md §4.4）"],"fullName":"spaceStats store（design.md §4.4） 304：保留同一快照对象","status":"passed","title":"304：保留同一快照对象","duration":0.9247920000000249,"failureMessages":[],"meta":{}},{"ancestorTitles":["spaceStats store（design.md §4.4）"],"fullName":"spaceStats store（design.md §4.4） refresh（force）：跳过 ETag 并替换快照","status":"passed","title":"refresh（force）：跳过 ETag 并替换快照","duration":0.2914580000000342,"failureMessages":[],"meta":{}},{"ancestorTitles":["spaceStats store（design.md §4.4）"],"fullName":"spaceStats store（design.md §4.4） epoch：clearSpace 后才 resolve 的旧响应不回写","status":"passed","title":"epoch：clearSpace 后才 resolve 的旧响应不回写","duration":1.2544579999999996,"failureMessages":[],"meta":{}},{"ancestorTitles":["spaceStats store（design.md §4.4）"],"fullName":"spaceStats store（design.md §4.4） load 失败：错误记录在该空间并向上抛出","status":"passed","title":"load 失败：错误记录在该空间并向上抛出","duration":2.563874999999939,"failureMessages":[],"meta":{}},{"ancestorTitles":["spaceStats store（design.md §4.4）"],"fullName":"spaceStats store（design.md §4.4） clearSpace 只清理目标空间；clear 清空全部","status":"passed","title":"clearSpace 只清理目标空间；clear 清空全部","duration":0.831333000000086,"failureMessages":[],"meta":{}}],"startTime":1789390574617,"endTime":1789390574627.8313,"status":"passed","message":"","name":"/Users/lyston/PycharmProjects/fg-09-13-steward-snapshot-progressive-recompute/frontend/src/stores/__tests__/spaceStats.spec.ts"},{"assertionResults":[{"ancestorTitles":["spaces store（AD-3）"],"fullName":"spaces store（AD-3） 按 active membership 集中派生空间权限，不混用 custody/profile 状态","status":"passed","title":"按 active membership 集中派生空间权限，不混用 custody/profile 状态","duration":8.350915999999984,"failureMessages":[],"meta":{}},{"ancestorTitles":["spaces store（AD-3）"],"fullName":"spaces store（AD-3） 普通成员可邀请但无空间治理权（管理员是唯一治理角色）","status":"passed","title":"普通成员可邀请但无空间治理权（管理员是唯一治理角色）","duration":0.47037499999999,"failureMessages":[],"meta":{}},{"ancestorTitles":["spaces store（AD-3）"],"fullName":"spaces store（AD-3） canInvite：所有 active 成员均可邀请；无 active membership 不可","status":"passed","title":"canInvite：所有 active 成员均可邀请；无 active membership 不可","duration":2.0753330000000005,"failureMessages":[],"meta":{}},{"ancestorTitles":["spaces store（AD-3）"],"fullName":"spaces store（AD-3） 加载后默认选中第一个空间并拉取成员","status":"passed","title":"加载后默认选中第一个空间并拉取成员","duration":0.9942080000000715,"failureMessages":[],"meta":{}},{"ancestorTitles":["spaces store（AD-3）"],"fullName":"spaces store（AD-3） 无任何空间 → 空列表（首页展示创建空间入口）","status":"passed","title":"无任何空间 → 空列表（首页展示创建空间入口）","duration":0.46012499999994816,"failureMessages":[],"meta":{}},{"ancestorTitles":["spaces store（AD-3）"],"fullName":"spaces store（AD-3） 创建空间后立即成为当前空间且成员仅自己","status":"passed","title":"创建空间后立即成为当前空间且成员仅自己","duration":2.6255840000000035,"failureMessages":[],"meta":{}},{"ancestorTitles":["spaces store（AD-3）"],"fullName":"spaces store（AD-3） loadMembers 同步拉取待确档最小引用；失败时置空不阻塞（AC-F2）","status":"passed","title":"loadMembers 同步拉取待确档最小引用；失败时置空不阻塞（AC-F2）","duration":0.5309170000000449,"failureMessages":[],"meta":{}},{"ancestorTitles":["spaces store（AD-3）"],"fullName":"spaces store（AD-3） 路由守卫预检目标成员时不污染当前空间授权上下文","status":"passed","title":"路由守卫预检目标成员时不污染当前空间授权上下文","duration":0.26350000000002183,"failureMessages":[],"meta":{}},{"ancestorTitles":["spaces store（AD-3）"],"fullName":"spaces store（AD-3） 成员重校验在途期间保留旧成员并记录失败态","status":"passed","title":"成员重校验在途期间保留旧成员并记录失败态","duration":4.473082999999974,"failureMessages":[],"meta":{}},{"ancestorTitles":["spaces store（AD-3）"],"fullName":"spaces store（AD-3） clear：清空待确档引用缓存","status":"passed","title":"clear：清空待确档引用缓存","duration":0.7308329999999614,"failureMessages":[],"meta":{}},{"ancestorTitles":["spaces store 会话代际隔离（P2）"],"fullName":"spaces store 会话代际隔离（P2） clear 后旧 load 的迟到响应不回写新会话状态","status":"passed","title":"clear 后旧 load 的迟到响应不回写新会话状态","duration":0.22408299999995052,"failureMessages":[],"meta":{}},{"ancestorTitles":["spaces store 会话代际隔离（P2）"],"fullName":"spaces store 会话代际隔离（P2） 空间切换期间旧空间的成员响应不回写新空间","status":"passed","title":"空间切换期间旧空间的成员响应不回写新空间","duration":0.1979589999999689,"failureMessages":[],"meta":{}}],"startTime":1789390575296,"endTime":1789390575317.224,"status":"passed","message":"","name":"/Users/lyston/PycharmProjects/fg-09-13-steward-snapshot-progressive-recompute/frontend/src/stores/__tests__/spaces.spec.ts"},{"assertionResults":[{"ancestorTitles":["Steward suggestion current detail and action state"],"fullName":"Steward suggestion current detail and action state clear discards late detail without returning it to the caller","status":"passed","title":"clear discards late detail without returning it to the caller","duration":1.865000000000009,"failureMessages":[],"meta":{}},{"ancestorTitles":["Steward suggestion current detail and action state"],"fullName":"Steward suggestion current detail and action state clearSpace discards late detail without returning it to the caller","status":"passed","title":"clearSpace discards late detail without returning it to the caller","duration":0.3937499999999545,"failureMessages":[],"meta":{}},{"ancestorTitles":["Steward suggestion current detail and action state"],"fullName":"Steward suggestion current detail and action state reopens by revalidating current state even when detail was cached","status":"passed","title":"reopens by revalidating current state even when detail was cached","duration":0.7813330000000178,"failureMessages":[],"meta":{}},{"ancestorTitles":["Steward suggestion current detail and action state"],"fullName":"Steward suggestion current detail and action state a superseded detail request cannot overwrite the newer response","status":"passed","title":"a superseded detail request cannot overwrite the newer response","duration":0.4877089999999953,"failureMessages":[],"meta":{}},{"ancestorTitles":["Steward suggestion current detail and action state"],"fullName":"Steward suggestion current detail and action state submit returns the actual proposal and updates detail, list and notifications","status":"passed","title":"submit returns the actual proposal and updates detail, list and notifications","duration":2.3683750000000146,"failureMessages":[],"meta":{}},{"ancestorTitles":["Steward suggestion current detail and action state"],"fullName":"Steward suggestion current detail and action state dismiss reloads the authoritative detail and its allowed actions","status":"passed","title":"dismiss reloads the authoritative detail and its allowed actions","duration":0.7386249999999563,"failureMessages":[],"meta":{}},{"ancestorTitles":["Steward suggestion current detail and action state"],"fullName":"Steward suggestion current detail and action state late submission after logout cannot refresh or populate the new session","status":"passed","title":"late submission after logout cannot refresh or populate the new session","duration":0.23270800000000236,"failureMessages":[],"meta":{}}],"startTime":1789390575379,"endTime":1789390575386.2327,"status":"passed","message":"","name":"/Users/lyston/PycharmProjects/fg-09-13-steward-snapshot-progressive-recompute/frontend/src/stores/__tests__/stewardSuggestions.spec.ts"},{"assertionResults":[{"ancestorTitles":["ui store（主题偏好）"],"fullName":"ui store（主题偏好） 初值：无存储时默认纸墨主题","status":"passed","title":"初值：无存储时默认纸墨主题","duration":3.6012499999999363,"failureMessages":[],"meta":{}},{"ancestorTitles":["ui store（主题偏好）"],"fullName":"ui store（主题偏好） 初值：localStorage 非法值回退 paper","status":"passed","title":"初值：localStorage 非法值回退 paper","duration":1.0873749999999518,"failureMessages":[],"meta":{}},{"ancestorTitles":["ui store（主题偏好）"],"fullName":"ui store（主题偏好） 初值：localStorage 合法值 modern 生效","status":"passed","title":"初值：localStorage 合法值 modern 生效","duration":0.49108300000000327,"failureMessages":[],"meta":{}},{"ancestorTitles":["ui store（主题偏好）"],"fullName":"ui store（主题偏好） setTheme：切换状态、持久化并写入 data-theme","status":"passed","title":"setTheme：切换状态、持久化并写入 data-theme","duration":0.45537500000000364,"failureMessages":[],"meta":{}},{"ancestorTitles":["ui store（主题偏好）"],"fullName":"ui store（主题偏好） 重建 store 后从 localStorage 恢复主题","status":"passed","title":"重建 store 后从 localStorage 恢复主题","duration":0.21137499999997544,"failureMessages":[],"meta":{}},{"ancestorTitles":["ui store（主题偏好）"],"fullName":"ui store（主题偏好） recentHouseholdId：仅内存 UI 偏好，不持久化到 localStorage","status":"passed","title":"recentHouseholdId：仅内存 UI 偏好，不持久化到 localStorage","duration":0.23958399999992253,"failureMessages":[],"meta":{}}],"startTime":1789390574619,"endTime":1789390574625.2395,"status":"passed","message":"","name":"/Users/lyston/PycharmProjects/fg-09-13-steward-snapshot-progressive-recompute/frontend/src/stores/__tests__/ui.spec.ts"},{"assertionResults":[{"ancestorTitles":["router guards"],"fullName":"router guards 首启未初始化：一律重定向到引导页","status":"passed","title":"首启未初始化：一律重定向到引导页","duration":67.45333399999981,"failureMessages":[],"meta":{}},{"ancestorTitles":["router guards"],"fullName":"router guards 未登录访问受保护页：重定向登录页并携带回跳地址","status":"passed","title":"未登录访问受保护页：重定向登录页并携带回跳地址","duration":1330.304125,"failureMessages":[],"meta":{}},{"ancestorTitles":["router guards"],"fullName":"router guards 已登录正常用户可停留在设置页；访问登录页被弹回首页","status":"passed","title":"已登录正常用户可停留在设置页；访问登录页被弹回首页","duration":909.0181669999997,"failureMessages":[],"meta":{}},{"ancestorTitles":["router guards"],"fullName":"router guards pin_must_change=true：白名单外强制跳改 PIN 页","status":"passed","title":"pin_must_change=true：白名单外强制跳改 PIN 页","duration":45.66145800000049,"failureMessages":[],"meta":{}},{"ancestorTitles":["router guards"],"fullName":"router guards pin_must_change=true：仍可停留在改 PIN 页本身","status":"passed","title":"pin_must_change=true：仍可停留在改 PIN 页本身","duration":1.448500000000422,"failureMessages":[],"meta":{}},{"ancestorTitles":["router guards"],"fullName":"router guards 硬刷新恢复会话：有 refresh token 时经 resume 恢复后放行","status":"passed","title":"硬刷新恢复会话：有 refresh token 时经 resume 恢复后放行","duration":2.685790999999881,"failureMessages":[],"meta":{}},{"ancestorTitles":["router guards"],"fullName":"router guards 未注册深链 /admin 与 /system-admin：统一普通 404，不跳转、不提示其他产品面","status":"passed","title":"未注册深链 /admin 与 /system-admin：统一普通 404，不跳转、不提示其他产品面","duration":40.28874999999971,"failureMessages":[],"meta":{}},{"ancestorTitles":["router guards"],"fullName":"router guards 空间管理路由切换不等待成员接口，页面负责完成管理权限加载","status":"passed","title":"空间管理路由切换不等待成员接口，页面负责完成管理权限加载","duration":59.38970800000061,"failureMessages":[],"meta":{}},{"ancestorTitles":["router guards"],"fullName":"router guards 跨空间进入管理页不在守卫阶段切换当前上下文","status":"passed","title":"跨空间进入管理页不在守卫阶段切换当前上下文","duration":1.3277919999991354,"failureMessages":[],"meta":{}},{"ancestorTitles":["router guards"],"fullName":"router guards 成员也可进入管理页路由，由页面 Bootstrap 返回安全拒绝态","status":"passed","title":"成员也可进入管理页路由，由页面 Bootstrap 返回安全拒绝态","duration":5.858125000000655,"failureMessages":[],"meta":{}},{"ancestorTitles":["router guards"],"fullName":"router guards 未登录空间管理深链保留安全 redirect","status":"passed","title":"未登录空间管理深链保留安全 redirect","duration":12.687082999999802,"failureMessages":[],"meta":{}},{"ancestorTitles":["router guards"],"fullName":"router guards refresh 失败：受保护深链进入登录页并清理失效凭据","status":"passed","title":"refresh 失败：受保护深链进入登录页并清理失效凭据","duration":5.109792000000198,"failureMessages":[],"meta":{}},{"ancestorTitles":["router guards"],"fullName":"router guards 强制改 PIN 重定向保留原始 redirect","status":"passed","title":"强制改 PIN 重定向保留原始 redirect","duration":0.6872920000005251,"failureMessages":[],"meta":{}},{"ancestorTitles":["router guards: v2 identity setup（F-1，判定源 = /me profile_status）"],"fullName":"router guards: v2 identity setup（F-1，判定源 = /me profile_status） profile_status=provisional：登录后访问主界面被引导到确档向导","status":"passed","title":"profile_status=provisional：登录后访问主界面被引导到确档向导","duration":142.38858400000026,"failureMessages":[],"meta":{}},{"ancestorTitles":["router guards: v2 identity setup（F-1，判定源 = /me profile_status）"],"fullName":"router guards: v2 identity setup（F-1，判定源 = /me profile_status） profile_status=provisional：确档重定向保留原始 redirect","status":"passed","title":"profile_status=provisional：确档重定向保留原始 redirect","duration":4.220209000000068,"failureMessages":[],"meta":{}},{"ancestorTitles":["router guards: v2 identity setup（F-1，判定源 = /me profile_status）"],"fullName":"router guards: v2 identity setup（F-1，判定源 = /me profile_status） profile_status=provisional 且清单拉取失败：仍拦截（不再 fail-open）","status":"passed","title":"profile_status=provisional 且清单拉取失败：仍拦截（不再 fail-open）","duration":1.7243330000001151,"failureMessages":[],"meta":{}},{"ancestorTitles":["router guards: v2 identity setup（F-1，判定源 = /me profile_status）"],"fullName":"router guards: v2 identity setup（F-1，判定源 = /me profile_status） profile_status=identity_confirmed：即使清单仍有 pending 项也不拦截（守卫只看身份状态）","status":"passed","title":"profile_status=identity_confirmed：即使清单仍有 pending 项也不拦截（守卫只看身份状态）","duration":0.5414579999996931,"failureMessages":[],"meta":{}},{"ancestorTitles":["router guards: forced pin change across hard refresh"],"fullName":"router guards: forced pin change across hard refresh 强制改 PIN 用户硬刷新：经 resume 恢复后仍被守卫送回改 PIN 页，不调 fetchMe","status":"passed","title":"强制改 PIN 用户硬刷新：经 resume 恢复后仍被守卫送回改 PIN 页，不调 fetchMe","duration":0.5776249999998981,"failureMessages":[],"meta":{}},{"ancestorTitles":["router guards: 09-01 Phase 2 路由语义（统一家庭壳）"],"fullName":"router guards: 09-01 Phase 2 路由语义（统一家庭壳） 旧 /home 显式重定向到 /（name home = 我的家庭）","status":"passed","title":"旧 /home 显式重定向到 /（name home = 我的家庭）","duration":0.38916599999993196,"failureMessages":[],"meta":{}},{"ancestorTitles":["router guards: 09-01 Phase 2 路由语义（统一家庭壳）"],"fullName":"router guards: 09-01 Phase 2 路由语义（统一家庭壳） 登录默认目标 name home 指向 /（我的家庭）","status":"passed","title":"登录默认目标 name home 指向 /（我的家庭）","duration":0.337666999999783,"failureMessages":[],"meta":{}},{"ancestorTitles":["router guards: 09-01 Phase 2 路由语义（统一家庭壳）"],"fullName":"router guards: 09-01 Phase 2 路由语义（统一家庭壳） 未登录访问新路由（/notifications、/people/5）重定向登录页并保留回跳地址","status":"passed","title":"未登录访问新路由（/notifications、/people/5）重定向登录页并保留回跳地址","duration":0.3750419999996666,"failureMessages":[],"meta":{}},{"ancestorTitles":["router guards: 09-01 Phase 2 路由语义（统一家庭壳）"],"fullName":"router guards: 09-01 Phase 2 路由语义（统一家庭壳） 未登录访问未注册深链：直接普通 404（公开页，不带家庭壳）","status":"passed","title":"未登录访问未注册深链：直接普通 404（公开页，不带家庭壳）","duration":0.2046249999993961,"failureMessages":[],"meta":{}},{"ancestorTitles":["router guards: /register 自助注册（09-05）"],"fullName":"router guards: /register 自助注册（09-05） 注册开关开：guest 可达 /register","status":"passed","title":"注册开关开：guest 可达 /register","duration":26.089874999999665,"failureMessages":[],"meta":{}},{"ancestorTitles":["router guards: /register 自助注册（09-05）"],"fullName":"router guards: /register 自助注册（09-05） 注册开关关：/register 与未注册深链同形呈现 404，URL 保留","status":"passed","title":"注册开关关：/register 与未注册深链同形呈现 404，URL 保留","duration":1.8817500000004657,"failureMessages":[],"meta":{}},{"ancestorTitles":["router guards: /register 自助注册（09-05）"],"fullName":"router guards: /register 自助注册（09-05） 已登录访问 /register：弹回首页（防误覆盖当前会话）","status":"passed","title":"已登录访问 /register：弹回首页（防误覆盖当前会话）","duration":0.5294579999999769,"failureMessages":[],"meta":{}},{"ancestorTitles":["router guards: /register 自助注册（09-05）"],"fullName":"router guards: /register 自助注册（09-05） 开关关且未初始化：/register 一律先进引导页（首启判定优先）","status":"passed","title":"开关关且未初始化：/register 一律先进引导页（首启判定优先）","duration":0.24216700000033597,"failureMessages":[],"meta":{}}],"startTime":1789390560901,"endTime":1789390563563.5295,"status":"passed","message":"","name":"/Users/lyston/PycharmProjects/fg-09-13-steward-snapshot-progressive-recompute/frontend/src/router/__tests__/guard.spec.ts"},{"assertionResults":[{"ancestorTitles":["friendlyAgentError：PROVIDER_UNRESOLVED 两态细分"],"fullName":"friendlyAgentError：PROVIDER_UNRESOLVED 两态细分 detail.platform_default_configured=false → 联系平台管理员（通道未配置）","status":"passed","title":"detail.platform_default_configured=false → 联系平台管理员（通道未配置）","duration":1.1672910000000911,"failureMessages":[],"meta":{}},{"ancestorTitles":["friendlyAgentError：PROVIDER_UNRESOLVED 两态细分"],"fullName":"friendlyAgentError：PROVIDER_UNRESOLVED 两态细分 detail.reason=cloud_not_allowed（默认已配置）→ 去模型设置开启云同意","status":"passed","title":"detail.reason=cloud_not_allowed（默认已配置）→ 去模型设置开启云同意","duration":0.11891700000001038,"failureMessages":[],"meta":{}},{"ancestorTitles":["friendlyAgentError：PROVIDER_UNRESOLVED 两态细分"],"fullName":"friendlyAgentError：PROVIDER_UNRESOLVED 两态细分 其余 PROVIDER_UNRESOLVED（含无 detail 的 SSE 路径）→ 去模型设置选择模型","status":"passed","title":"其余 PROVIDER_UNRESOLVED（含无 detail 的 SSE 路径）→ 去模型设置选择模型","duration":0.07870900000000347,"failureMessages":[],"meta":{}},{"ancestorTitles":["friendlyAgentError：PROVIDER_UNRESOLVED 两态细分"],"fullName":"friendlyAgentError：PROVIDER_UNRESOLVED 两态细分 detail 非 object（SSE 载荷异常形态）同样落基线文案","status":"passed","title":"detail 非 object（SSE 载荷异常形态）同样落基线文案","duration":0.04750000000001364,"failureMessages":[],"meta":{}},{"ancestorTitles":["friendlyAgentError：其余映射不变"],"fullName":"friendlyAgentError：其余映射不变 AGENT_ERROR_COPY 其他码照旧映射","status":"passed","title":"AGENT_ERROR_COPY 其他码照旧映射","duration":0.0508750000000191,"failureMessages":[],"meta":{}},{"ancestorTitles":["friendlyAgentError：其余映射不变"],"fullName":"friendlyAgentError：其余映射不变 sidecar 运行期错误码（09-06 实测补齐）：provider 出网失败与策略拦截","status":"passed","title":"sidecar 运行期错误码（09-06 实测补齐）：provider 出网失败与策略拦截","duration":0.07295799999997143,"failureMessages":[],"meta":{}},{"ancestorTitles":["friendlyAgentError：其余映射不变"],"fullName":"friendlyAgentError：其余映射不变 客户端合成错误码映射；未知码回退 fallback 或通用文案","status":"passed","title":"客户端合成错误码映射；未知码回退 fallback 或通用文案","duration":0.06608300000004874,"failureMessages":[],"meta":{}},{"ancestorTitles":["friendlyAgentError：其余映射不变"],"fullName":"friendlyAgentError：其余映射不变 detail 不透传给用户（只映射文案，不拼接原始 JSON）","status":"passed","title":"detail 不透传给用户（只映射文案，不拼接原始 JSON）","duration":0.12312499999995907,"failureMessages":[],"meta":{}}],"startTime":1789390575970,"endTime":1789390575971.1672,"status":"passed","message":"","name":"/Users/lyston/PycharmProjects/fg-09-13-steward-snapshot-progressive-recompute/frontend/src/api/__tests__/agentErrors.spec.ts"},{"assertionResults":[{"ancestorTitles":["fetchAttachmentBlob 媒体认证合同"],"fullName":"fetchAttachmentBlob 媒体认证合同 请求 raw 端点且 URL 不含任何 token 参数","status":"passed","title":"请求 raw 端点且 URL 不含任何 token 参数","duration":1.5076669999999694,"failureMessages":[],"meta":{}},{"ancestorTitles":["fetchAttachmentBlob 媒体认证合同"],"fullName":"fetchAttachmentBlob 媒体认证合同 只接受安全图片 MIME；HTML/SVG 等响应 fail-closed","status":"passed","title":"只接受安全图片 MIME；HTML/SVG 等响应 fail-closed","duration":2.8576659999999947,"failureMessages":[],"meta":{}},{"ancestorTitles":["fetchAttachmentBlob 媒体认证合同"],"fullName":"fetchAttachmentBlob 媒体认证合同 拒绝空响应与超过 10MB 的图片","status":"passed","title":"拒绝空响应与超过 10MB 的图片","duration":0.1962909999999738,"failureMessages":[],"meta":{}},{"ancestorTitles":["fetchAttachmentBlob 媒体认证合同"],"fullName":"fetchAttachmentBlob 媒体认证合同 403/404/网络失败统一映射为安全失败态，不泄露存在性","status":"passed","title":"403/404/网络失败统一映射为安全失败态，不泄露存在性","duration":0.27004199999998946,"failureMessages":[],"meta":{}},{"ancestorTitles":["fetchAttachmentBlob 媒体认证合同"],"fullName":"fetchAttachmentBlob 媒体认证合同 ApiError 原样透传（401 刷新失败路径由拦截器抛出）","status":"passed","title":"ApiError 原样透传（401 刷新失败路径由拦截器抛出）","duration":0.13104199999997945,"failureMessages":[],"meta":{}}],"startTime":1789390575895,"endTime":1789390575900.27,"status":"passed","message":"","name":"/Users/lyston/PycharmProjects/fg-09-13-steward-snapshot-progressive-recompute/frontend/src/api/__tests__/attachmentMedia.spec.ts"},{"assertionResults":[{"ancestorTitles":["graph API"],"fullName":"graph API sends the active space_id when requested","status":"passed","title":"sends the active space_id when requested","duration":2.3381669999999986,"failureMessages":[],"meta":{}},{"ancestorTitles":["graph API"],"fullName":"graph API does not invent a global-space request when no space is provided","status":"passed","title":"does not invent a global-space request when no space is provided","duration":0.26662499999997635,"failureMessages":[],"meta":{}}],"startTime":1789390575851,"endTime":1789390575854.2666,"status":"passed","message":"","name":"/Users/lyston/PycharmProjects/fg-09-13-steward-snapshot-progressive-recompute/frontend/src/api/__tests__/graph.spec.ts"},{"assertionResults":[{"ancestorTitles":["household card API（design.md §4.2 合同占位）"],"fullName":"household card API（design.md §4.2 合同占位） 按明确 space_id 请求约定路径并解码合法投影","status":"passed","title":"按明确 space_id 请求约定路径并解码合法投影","duration":4.438582999999994,"failureMessages":[],"meta":{}},{"ancestorTitles":["household card API（design.md §4.2 合同占位）"],"fullName":"household card API（design.md §4.2 合同占位） 保留字段级 masked 哨兵，不把遮罩解释为明文","status":"passed","title":"保留字段级 masked 哨兵，不把遮罩解释为明文","duration":0.4194169999999531,"failureMessages":[],"meta":{}},{"ancestorTitles":["household card API（design.md §4.2 合同占位）"],"fullName":"household card API（design.md §4.2 合同占位） 解码空成员与空状态提示（允许动作由服务端给出）","status":"passed","title":"解码空成员与空状态提示（允许动作由服务端给出）","duration":0.23441699999989396,"failureMessages":[],"meta":{}},{"ancestorTitles":["household card API（design.md §4.2 合同占位）"],"fullName":"household card API（design.md §4.2 合同占位） 坏成员丢弃（成员可见性层级未知），其余成员保留","status":"passed","title":"坏成员丢弃（成员可见性层级未知），其余成员保留","duration":1.0471249999999372,"failureMessages":[],"meta":{}},{"ancestorTitles":["household card API（design.md §4.2 合同占位）"],"fullName":"household card API（design.md §4.2 合同占位） 坏成员丢弃（成员缺 household_label），其余成员保留","status":"passed","title":"坏成员丢弃（成员缺 household_label），其余成员保留","duration":0.13800000000003365,"failureMessages":[],"meta":{}},{"ancestorTitles":["household card API（design.md §4.2 合同占位）"],"fullName":"household card API（design.md §4.2 合同占位） 坏成员丢弃（成员 display 缺 baseline 字段），其余成员保留","status":"passed","title":"坏成员丢弃（成员 display 缺 baseline 字段），其余成员保留","duration":0.12266699999997854,"failureMessages":[],"meta":{}},{"ancestorTitles":["household card API（design.md §4.2 合同占位）"],"fullName":"household card API（design.md §4.2 合同占位） 坏成员丢弃（成员不是对象），其余成员保留","status":"passed","title":"坏成员丢弃（成员不是对象），其余成员保留","duration":0.10662500000000819,"failureMessages":[],"meta":{}},{"ancestorTitles":["household card API（design.md §4.2 合同占位）"],"fullName":"household card API（design.md §4.2 合同占位） 顶层合同破坏时整份拒绝（space_kind 不是 household）","status":"passed","title":"顶层合同破坏时整份拒绝（space_kind 不是 household）","duration":0.6992910000000165,"failureMessages":[],"meta":{}},{"ancestorTitles":["household card API（design.md §4.2 合同占位）"],"fullName":"household card API（design.md §4.2 合同占位） 顶层合同破坏时整份拒绝（缺 space_name）","status":"passed","title":"顶层合同破坏时整份拒绝（缺 space_name）","duration":0.18095899999991616,"failureMessages":[],"meta":{}},{"ancestorTitles":["household card API（design.md §4.2 合同占位）"],"fullName":"household card API（design.md §4.2 合同占位） 顶层合同破坏时整份拒绝（view_version 缺失）","status":"passed","title":"顶层合同破坏时整份拒绝（view_version 缺失）","duration":0.15454199999999219,"failureMessages":[],"meta":{}},{"ancestorTitles":["household card API（design.md §4.2 合同占位）"],"fullName":"household card API（design.md §4.2 合同占位） 顶层合同破坏时整份拒绝（viewer display 非法）","status":"passed","title":"顶层合同破坏时整份拒绝（viewer display 非法）","duration":0.11216699999999946,"failureMessages":[],"meta":{}},{"ancestorTitles":["household card API（design.md §4.2 合同占位）"],"fullName":"household card API（design.md §4.2 合同占位） 顶层合同破坏时整份拒绝（allowed_actions 非法）","status":"passed","title":"顶层合同破坏时整份拒绝（allowed_actions 非法）","duration":0.13458299999990686,"failureMessages":[],"meta":{}},{"ancestorTitles":["household card API（design.md §4.2 合同占位）"],"fullName":"household card API（design.md §4.2 合同占位） 顶层合同破坏时整份拒绝（members 不是数组）","status":"passed","title":"顶层合同破坏时整份拒绝（members 不是数组）","duration":0.08333299999992505,"failureMessages":[],"meta":{}},{"ancestorTitles":["household card API（design.md §4.2 合同占位）"],"fullName":"household card API（design.md §4.2 合同占位） 304 返回 null，由 store 保留既有快照；ETag 写入快照","status":"passed","title":"304 返回 null，由 store 保留既有快照；ETag 写入快照","duration":1.131208000000015,"failureMessages":[],"meta":{}}],"startTime":1789390575732,"endTime":1789390575741.131,"status":"passed","message":"","name":"/Users/lyston/PycharmProjects/fg-09-13-steward-snapshot-progressive-recompute/frontend/src/api/__tests__/household.spec.ts"},{"assertionResults":[{"ancestorTitles":["notifications API（design.md §4.4 合同占位）"],"fullName":"notifications API（design.md §4.4 合同占位） 按账号 + space_id 请求约定路径并解码合法列表","status":"passed","title":"按账号 + space_id 请求约定路径并解码合法列表","duration":23.454250000000002,"failureMessages":[],"meta":{}},{"ancestorTitles":["notifications API（design.md §4.4 合同占位）"],"fullName":"notifications API（design.md §4.4 合同占位） 保留 payload 的 masked 哨兵（不可见 ≠ 明文）","status":"passed","title":"保留 payload 的 masked 哨兵（不可见 ≠ 明文）","duration":0.22037500000010368,"failureMessages":[],"meta":{}},{"ancestorTitles":["notifications API（design.md §4.4 合同占位）"],"fullName":"notifications API（design.md §4.4 合同占位） action_card 通知携带 card_id/revision 引用","status":"passed","title":"action_card 通知携带 card_id/revision 引用","duration":0.09991600000000744,"failureMessages":[],"meta":{}},{"ancestorTitles":["notifications API（design.md §4.4 合同占位）"],"fullName":"notifications API（design.md §4.4 合同占位） 坏通知整条丢弃（未知 kind），其余保留","status":"passed","title":"坏通知整条丢弃（未知 kind），其余保留","duration":0.08054200000003675,"failureMessages":[],"meta":{}},{"ancestorTitles":["notifications API（design.md §4.4 合同占位）"],"fullName":"notifications API（design.md §4.4 合同占位） 坏通知整条丢弃（未知领域状态），其余保留","status":"passed","title":"坏通知整条丢弃（未知领域状态），其余保留","duration":0.048874999999952706,"failureMessages":[],"meta":{}},{"ancestorTitles":["notifications API（design.md §4.4 合同占位）"],"fullName":"notifications API（design.md §4.4 合同占位） 坏通知整条丢弃（payload 缺 title），其余保留","status":"passed","title":"坏通知整条丢弃（payload 缺 title），其余保留","duration":0.0542920000000322,"failureMessages":[],"meta":{}},{"ancestorTitles":["notifications API（design.md §4.4 合同占位）"],"fullName":"notifications API（design.md §4.4 合同占位） 坏通知整条丢弃（payload 字段既非明文也非 masked），其余保留","status":"passed","title":"坏通知整条丢弃（payload 字段既非明文也非 masked），其余保留","duration":0.050707999999985987,"failureMessages":[],"meta":{}},{"ancestorTitles":["notifications API（design.md §4.4 合同占位）"],"fullName":"notifications API（design.md §4.4 合同占位） 坏通知整条丢弃（action_card 通知缺引用），其余保留","status":"passed","title":"坏通知整条丢弃（action_card 通知缺引用），其余保留","duration":0.04658299999994142,"failureMessages":[],"meta":{}},{"ancestorTitles":["notifications API（design.md §4.4 合同占位）"],"fullName":"notifications API（design.md §4.4 合同占位） 坏通知整条丢弃（action_card 引用损坏），其余保留","status":"passed","title":"坏通知整条丢弃（action_card 引用损坏），其余保留","duration":0.05025000000000546,"failureMessages":[],"meta":{}},{"ancestorTitles":["notifications API（design.md §4.4 合同占位）"],"fullName":"notifications API（design.md §4.4 合同占位） 坏通知整条丢弃（read_at 类型非法），其余保留","status":"passed","title":"坏通知整条丢弃（read_at 类型非法），其余保留","duration":0.054040999999983796,"failureMessages":[],"meta":{}},{"ancestorTitles":["notifications API（design.md §4.4 合同占位）"],"fullName":"notifications API（design.md §4.4 合同占位） 坏通知整条丢弃（缺 created_at），其余保留","status":"passed","title":"坏通知整条丢弃（缺 created_at），其余保留","duration":0.03495800000007421,"failureMessages":[],"meta":{}},{"ancestorTitles":["notifications API（design.md §4.4 合同占位）"],"fullName":"notifications API（design.md §4.4 合同占位） 顶层合同破坏时整份拒绝","status":"passed","title":"顶层合同破坏时整份拒绝","duration":0.6210829999999987,"failureMessages":[],"meta":{}},{"ancestorTitles":["notifications API（design.md §4.4 合同占位）"],"fullName":"notifications API（design.md §4.4 合同占位） 304 返回 null 并发送 If-None-Match；ETag 写入快照","status":"passed","title":"304 返回 null 并发送 If-None-Match；ETag 写入快照","duration":4.117375000000038,"failureMessages":[],"meta":{}},{"ancestorTitles":["notifications API（design.md §4.4 合同占位）"],"fullName":"notifications API（design.md §4.4 合同占位） 单条已读：POST /notifications/{id}/read 且解码已读确认","status":"passed","title":"单条已读：POST /notifications/{id}/read 且解码已读确认","duration":2.3930829999999332,"failureMessages":[],"meta":{}},{"ancestorTitles":["notifications API（design.md §4.4 合同占位）"],"fullName":"notifications API（design.md §4.4 合同占位） 全部已读：POST /notifications/read-all 携带 space_id","status":"passed","title":"全部已读：POST /notifications/read-all 携带 space_id","duration":0.9598330000000033,"failureMessages":[],"meta":{}},{"ancestorTitles":["notifications API（design.md §4.4 合同占位）"],"fullName":"notifications API（design.md §4.4 合同占位） 已读响应格式非法时拒绝","status":"passed","title":"已读响应格式非法时拒绝","duration":0.3215420000000222,"failureMessages":[],"meta":{}}],"startTime":1789390575173,"endTime":1789390575205.3215,"status":"passed","message":"","name":"/Users/lyston/PycharmProjects/fg-09-13-steward-snapshot-progressive-recompute/frontend/src/api/__tests__/notifications.spec.ts"},{"assertionResults":[{"ancestorTitles":["personal family view API"],"fullName":"personal family view API requests only the selected space and decodes a valid snapshot","status":"passed","title":"requests only the selected space and decodes a valid snapshot","duration":2.2819579999999178,"failureMessages":[],"meta":{}},{"ancestorTitles":["personal family view API"],"fullName":"personal family view API rejects malformed snapshots instead of passing them to the store","status":"passed","title":"rejects malformed snapshots instead of passing them to the store","duration":0.586791000000062,"failureMessages":[],"meta":{}},{"ancestorTitles":["personal family view API"],"fullName":"personal family view API sends If-None-Match and retains 304 metadata without inventing a display deadline","status":"passed","title":"sends If-None-Match and retains 304 metadata without inventing a display deadline","duration":0.386209000000008,"failureMessages":[],"meta":{}},{"ancestorTitles":["personal family view API"],"fullName":"personal family view API captures the response ETag into the snapshot for conditional revalidation","status":"passed","title":"captures the response ETag into the snapshot for conditional revalidation","duration":0.10154199999999491,"failureMessages":[],"meta":{}},{"ancestorTitles":["topology_edges 解码（09-13 family-tree-relationship-topology）"],"fullName":"topology_edges 解码（09-13 family-tree-relationship-topology） 字段缺失（旧后端载荷）→ topology_edges=null，区别于合法空数组","status":"passed","title":"字段缺失（旧后端载荷）→ topology_edges=null，区别于合法空数组","duration":0.16229199999997945,"failureMessages":[],"meta":{}},{"ancestorTitles":["topology_edges 解码（09-13 family-tree-relationship-topology）"],"fullName":"topology_edges 解码（09-13 family-tree-relationship-topology） 字段存在但不是数组 → 拒绝整个载荷","status":"passed","title":"字段存在但不是数组 → 拒绝整个载荷","duration":0.08887499999991633,"failureMessages":[],"meta":{}},{"ancestorTitles":["topology_edges 解码（09-13 family-tree-relationship-topology）"],"fullName":"topology_edges 解码（09-13 family-tree-relationship-topology） 合法结构边解码；端点必须命中已解码节点集合，否则丢弃","status":"passed","title":"合法结构边解码；端点必须命中已解码节点集合，否则丢弃","duration":0.10616699999991397,"failureMessages":[],"meta":{}},{"ancestorTitles":["topology_edges 解码（09-13 family-tree-relationship-topology）"],"fullName":"topology_edges 解码（09-13 family-tree-relationship-topology） 坏条目按条丢弃：非正整数端点、自环、非法 kind、parent 缺子类型、对称携带子类型","status":"passed","title":"坏条目按条丢弃：非正整数端点、自环、非法 kind、parent 缺子类型、对称携带子类型","duration":0.07670800000005329,"failureMessages":[],"meta":{}},{"ancestorTitles":["topology_edges 解码（09-13 family-tree-relationship-topology）"],"fullName":"topology_edges 解码（09-13 family-tree-relationship-topology） 重复 id 防御去重","status":"passed","title":"重复 id 防御去重","duration":0.33008300000005875,"failureMessages":[],"meta":{}}],"startTime":1789390575222,"endTime":1789390575226.33,"status":"passed","message":"","name":"/Users/lyston/PycharmProjects/fg-09-13-steward-snapshot-progressive-recompute/frontend/src/api/__tests__/personalFamilyView.spec.ts"},{"assertionResults":[{"ancestorTitles":["PFV progressive wire protocol"],"fullName":"PFV progressive wire protocol keeps authorized target states and true counts; a missing progress block remains legacy","status":"passed","title":"keeps authorized target states and true counts; a missing progress block remains legacy","duration":2.383958000000007,"failureMessages":[],"meta":{}},{"ancestorTitles":["PFV progressive wire protocol"],"fullName":"PFV progressive wire protocol rejects unknown, inconsistent or unsafe progress: {\"contract_version\":\"pfv-progress-v999\"}","status":"passed","title":"rejects unknown, inconsistent or unsafe progress: {\"contract_version\":\"pfv-progress-v999\"}","duration":1.109707999999955,"failureMessages":[],"meta":{}},{"ancestorTitles":["PFV progressive wire protocol"],"fullName":"PFV progressive wire protocol rejects unknown, inconsistent or unsafe progress: {\"generation\":-1}","status":"passed","title":"rejects unknown, inconsistent or unsafe progress: {\"generation\":-1}","duration":0.2879169999999931,"failureMessages":[],"meta":{}},{"ancestorTitles":["PFV progressive wire protocol"],"fullName":"PFV progressive wire protocol rejects unknown, inconsistent or unsafe progress: {\"revision\":1.5}","status":"passed","title":"rejects unknown, inconsistent or unsafe progress: {\"revision\":1.5}","duration":0.14104200000008404,"failureMessages":[],"meta":{}},{"ancestorTitles":["PFV progressive wire protocol"],"fullName":"PFV progressive wire protocol rejects unknown, inconsistent or unsafe progress: {\"revision\":9007199254740992}","status":"passed","title":"rejects unknown, inconsistent or unsafe progress: {\"revision\":9007199254740992}","duration":0.09249999999997272,"failureMessages":[],"meta":{}},{"ancestorTitles":["PFV progressive wire protocol"],"fullName":"PFV progressive wire protocol rejects unknown, inconsistent or unsafe progress: {\"completed_count\":1}","status":"passed","title":"rejects unknown, inconsistent or unsafe progress: {\"completed_count\":1}","duration":0.08741699999995944,"failureMessages":[],"meta":{}},{"ancestorTitles":["PFV progressive wire protocol"],"fullName":"PFV progressive wire protocol rejects unknown, inconsistent or unsafe progress: {\"total_count\":7}","status":"passed","title":"rejects unknown, inconsistent or unsafe progress: {\"total_count\":7}","duration":0.06983300000001691,"failureMessages":[],"meta":{}},{"ancestorTitles":["PFV progressive wire protocol"],"fullName":"PFV progressive wire protocol rejects unknown, inconsistent or unsafe progress: {\"phase\":\"ready\"}","status":"passed","title":"rejects unknown, inconsistent or unsafe progress: {\"phase\":\"ready\"}","duration":0.21583299999997507,"failureMessages":[],"meta":{}},{"ancestorTitles":["PFV progressive wire protocol"],"fullName":"PFV progressive wire protocol rejects unknown, inconsistent or unsafe progress: {\"topology_revision\":1}","status":"passed","title":"rejects unknown, inconsistent or unsafe progress: {\"topology_revision\":1}","duration":0.21554199999991397,"failureMessages":[],"meta":{}},{"ancestorTitles":["PFV progressive wire protocol"],"fullName":"PFV progressive wire protocol rejects unknown, inconsistent or unsafe progress: {\"next_poll_ms\":-1}","status":"passed","title":"rejects unknown, inconsistent or unsafe progress: {\"next_poll_ms\":-1}","duration":0.4635000000000673,"failureMessages":[],"meta":{}},{"ancestorTitles":["PFV progressive wire protocol"],"fullName":"PFV progressive wire protocol rejects unknown, inconsistent or unsafe progress: {\"targets\":[{\"user_id\":99,\"status\":\"pending\"}]}","status":"passed","title":"rejects unknown, inconsistent or unsafe progress: {\"targets\":[{\"user_id\":99,\"status\":\"pending\"}]}","duration":0.11858300000005784,"failureMessages":[],"meta":{}},{"ancestorTitles":["PFV progressive wire protocol"],"fullName":"PFV progressive wire protocol rejects unknown, inconsistent or unsafe progress: {\"total_count\":2,\"targets\":[{\"user_id\":2,\"status\":\"pending\"},{\"user_id\":2,\"status\":\"pending\"}]}","status":"passed","title":"rejects unknown, inconsistent or unsafe progress: {\"total_count\":2,\"targets\":[{\"user_id\":2,\"status\":\"pending\"},{\"user_id\":2,\"status\":\"pending\"}]}","duration":0.3517500000000382,"failureMessages":[],"meta":{}},{"ancestorTitles":["PFV progressive wire protocol"],"fullName":"PFV progressive wire protocol requires topology data for a progressive skeleton","status":"passed","title":"requires topology data for a progressive skeleton","duration":0.2561670000000049,"failureMessages":[],"meta":{}},{"ancestorTitles":["PFV progressive wire protocol"],"fullName":"PFV progressive wire protocol supports a legacy single Date on 200, retaining skew and round-trip deductions","status":"passed","title":"supports a legacy single Date on 200, retaining skew and round-trip deductions","duration":2.3512080000000424,"failureMessages":[],"meta":{}},{"ancestorTitles":["PFV progressive wire protocol"],"fullName":"PFV progressive wire protocol supports a legacy single Date on 3
[...]
09-13） 推测层生效（平台已开）→ 不显示平台提示","status":"passed","title":"推测层生效（平台已开）→ 不显示平台提示","duration":64.99183399999947,"failureMessages":[],"meta":{}},{"ancestorTitles":["SpaceModelSettingsPanel（辅助开关平台治理提示，09-13）"],"fullName":"SpaceModelSettingsPanel（辅助开关平台治理提示，09-13） 空间级辅助开而平台未开 → 显示可解释的平台提示","status":"passed","title":"空间级辅助开而平台未开 → 显示可解释的平台提示","duration":85.62975000000006,"failureMessages":[],"meta":{}},{"ancestorTitles":["SpaceModelSettingsPanel（辅助开关平台治理提示，09-13）"],"fullName":"SpaceModelSettingsPanel（辅助开关平台治理提示，09-13） 平台已开（生效）→ 不显示平台提示","status":"passed","title":"平台已开（生效）→ 不显示平台提示","duration":90.60504200000014,"failureMessages":[],"meta":{}}],"startTime":1789390562467,"endTime":1789390565244.605,"status":"passed","message":"","name":"/Users/lyston/PycharmProjects/fg-09-13-steward-snapshot-progressive-recompute/frontend/src/components/member/__tests__/SpaceModelSettingsPanel.spec.ts"},{"assertionResults":[{"ancestorTitles":["KinshipTermPanel current viewer and optional preference controls"],"fullName":"KinshipTermPanel current viewer and optional preference controls queries this target before pagination and only offers server-authorized effective actions","status":"passed","title":"queries this target before pagination and only offers server-authorized effective actions","duration":105.29016700000011,"failureMessages":[],"meta":{}},{"ancestorTitles":["KinshipTermPanel current viewer and optional preference controls"],"fullName":"KinshipTermPanel current viewer and optional preference controls target changes reset immediately and discard the previous response","status":"passed","title":"target changes reset immediately and discard the previous response","duration":27.398832999999968,"failureMessages":[],"meta":{}},{"ancestorTitles":["KinshipTermPanel current viewer and optional preference controls"],"fullName":"KinshipTermPanel current viewer and optional preference controls space changes reset immediately and discard the previous response","status":"passed","title":"space changes reset immediately and discard the previous response","duration":16.852709000000004,"failureMessages":[],"meta":{}},{"ancestorTitles":["KinshipTermPanel current viewer and optional preference controls"],"fullName":"KinshipTermPanel current viewer and optional preference controls account changes reset immediately and discard the previous response","status":"passed","title":"account changes reset immediately and discard the previous response","duration":13.463500000000067,"failureMessages":[],"meta":{}},{"ancestorTitles":["KinshipTermPanel current viewer and optional preference controls"],"fullName":"KinshipTermPanel current viewer and optional preference controls clears the previous target controls while the next target is still loading","status":"passed","title":"clears the previous target controls while the next target is still loading","duration":22.876500000000078,"failureMessages":[],"meta":{}},{"ancestorTitles":["KinshipTermPanel current viewer and optional preference controls"],"fullName":"KinshipTermPanel current viewer and optional preference controls keep invalidates all personal term and PFV spaces and reloads the active view","status":"passed","title":"keep invalidates all personal term and PFV spaces and reloads the active view","duration":57.460083999999824,"failureMessages":[],"meta":{}},{"ancestorTitles":["KinshipTermPanel current viewer and optional preference controls"],"fullName":"KinshipTermPanel current viewer and optional preference controls restore uses current projection metadata and leaves other spaces cached","status":"passed","title":"restore uses current projection metadata and leaves other spaces cached","duration":38.64591599999994,"failureMessages":[],"meta":{}},{"ancestorTitles":["KinshipTermPanel current viewer and optional preference controls"],"fullName":"KinshipTermPanel current viewer and optional preference controls late keep result cannot clear another account caches or show a success message","status":"passed","title":"late keep result cannot clear another account caches or show a success message","duration":33.37520799999993,"failureMessages":[],"meta":{}}],"startTime":1789390570826,"endTime":1789390571141.3752,"status":"passed","message":"","name":"/Users/lyston/PycharmProjects/fg-09-13-steward-snapshot-progressive-recompute/frontend/src/components/kinship/__tests__/KinshipTermPanel.spec.ts"},{"assertionResults":[{"ancestorTitles":["RelationLookup"],"fullName":"RelationLookup determined：概念称谓 + 图上依据 + 依据词素 chips","status":"passed","title":"determined：概念称谓 + 图上依据 + 依据词素 chips","duration":82.81762500000013,"failureMessages":[],"meta":{}},{"ancestorTitles":["RelationLookup"],"fullName":"RelationLookup supported：提案卡片明确「不会自动改动档案事实」","status":"passed","title":"supported：提案卡片明确「不会自动改动档案事实」","duration":27.32791700000007,"failureMessages":[],"meta":{}},{"ancestorTitles":["RelationLookup"],"fullName":"RelationLookup ambiguous：内联展示 clarifying_question 并保留输入框再次输入","status":"passed","title":"ambiguous：内联展示 clarifying_question 并保留输入框再次输入","duration":41.39345800000001,"failureMessages":[],"meta":{}},{"ancestorTitles":["RelationLookup"],"fullName":"RelationLookup conflicting：冲突列表 + 原文保留展示","status":"passed","title":"conflicting：冲突列表 + 原文保留展示","duration":46.12037499999997,"failureMessages":[],"meta":{}},{"ancestorTitles":["RelationLookup"],"fullName":"RelationLookup found=false：降级提示，不渲染任何概念结论","status":"passed","title":"found=false：降级提示，不渲染任何概念结论","duration":43.028542000000016,"failureMessages":[],"meta":{}},{"ancestorTitles":["RelationLookup"],"fullName":"RelationLookup flag 关闭（503）：整个入口隐藏","status":"passed","title":"flag 关闭（503）：整个入口隐藏","duration":23.356958000000077,"failureMessages":[],"meta":{}},{"ancestorTitles":["RelationLookup"],"fullName":"RelationLookup flag 正常但解析报错：入口保留并显示错误文案","status":"passed","title":"flag 正常但解析报错：入口保留并显示错误文案","duration":27.003000000000156,"failureMessages":[],"meta":{}}],"startTime":1789390572065,"endTime":1789390572356.003,"status":"passed","message":"","name":"/Users/lyston/PycharmProjects/fg-09-13-steward-snapshot-progressive-recompute/frontend/src/components/kinship/__tests__/RelationLookup.spec.ts"},{"assertionResults":[{"ancestorTitles":["AppShell navigation（统一家庭壳）"],"fullName":"AppShell navigation（统一家庭壳） 一级导航顺序固定：我的家庭、家族树、统计；记忆与知识、设置为次级入口（记忆在设置上方）","status":"passed","title":"一级导航顺序固定：我的家庭、家族树、统计；记忆与知识、设置为次级入口（记忆在设置上方）","duration":162.32620900000074,"failureMessages":[],"meta":{}},{"ancestorTitles":["AppShell navigation（统一家庭壳）"],"fullName":"AppShell navigation（统一家庭壳） 空间管理链接仅当前空间 space_admin 可见","status":"passed","title":"空间管理链接仅当前空间 space_admin 可见","duration":401.2342090000002,"failureMessages":[],"meta":{}},{"ancestorTitles":["AppShell navigation（统一家庭壳）"],"fullName":"AppShell navigation（统一家庭壳） 普通成员不显示空间管理或任何平台后台入口","status":"passed","title":"普通成员不显示空间管理或任何平台后台入口","duration":351.84741699999995,"failureMessages":[],"meta":{}},{"ancestorTitles":["AppShell navigation（统一家庭壳）"],"fullName":"AppShell navigation（统一家庭壳） 家庭壳不渲染任何系统管理员后台入口（PRD §2.7 主体隔离，Phase 6）","status":"passed","title":"家庭壳不渲染任何系统管理员后台入口（PRD §2.7 主体隔离，Phase 6）","duration":146.27387499999986,"failureMessages":[],"meta":{}},{"ancestorTitles":["AppShell navigation（统一家庭壳）"],"fullName":"AppShell navigation（统一家庭壳） 通知入口指向 /notifications；端点 404 时安静降级：无角标、无报错横幅","status":"passed","title":"通知入口指向 /notifications；端点 404 时安静降级：无角标、无报错横幅","duration":82.78287499999988,"failureMessages":[],"meta":{}},{"ancestorTitles":["AppShell navigation（统一家庭壳）"],"fullName":"AppShell navigation（统一家庭壳） 通知未读数来自服务端载荷并渲染角标","status":"passed","title":"通知未读数来自服务端载荷并渲染角标","duration":41.2847499999998,"failureMessages":[],"meta":{}},{"ancestorTitles":["AppShell navigation（统一家庭壳）"],"fullName":"AppShell navigation（统一家庭壳） Assistant 入口由根组件提供，壳内不重复渲染占位","status":"passed","title":"Assistant 入口由根组件提供，壳内不重复渲染占位","duration":111.21045800000047,"failureMessages":[],"meta":{}},{"ancestorTitles":["AppShell navigation（统一家庭壳）"],"fullName":"AppShell navigation（统一家庭壳） 主题切换保留 paper/modern NSwitch 语义","status":"passed","title":"主题切换保留 paper/modern NSwitch 语义","duration":88.25504200000069,"failureMessages":[],"meta":{}},{"ancestorTitles":["AppShell navigation（统一家庭壳）"],"fullName":"AppShell navigation（统一家庭壳） 账号菜单提供登出：点击后清理会话并回到登录页","status":"passed","title":"账号菜单提供登出：点击后清理会话并回到登录页","duration":156.85754199999974,"failureMessages":[],"meta":{}},{"ancestorTitles":["AppShell navigation（统一家庭壳）"],"fullName":"AppShell navigation（统一家庭壳） 账号菜单仅当前空间管理员可见空间管理项","status":"passed","title":"账号菜单仅当前空间管理员可见空间管理项","duration":85.61308300000019,"failureMessages":[],"meta":{}},{"ancestorTitles":["AppShell navigation（统一家庭壳）"],"fullName":"AppShell navigation（统一家庭壳） 空间选择器只展示家族空间，并在家庭页切到对应家庭卡","status":"passed","title":"空间选择器只展示家族空间，并在家庭页切到对应家庭卡","duration":105.01670800000011,"failureMessages":[],"meta":{}},{"ancestorTitles":["AppShell navigation（统一家庭壳）"],"fullName":"AppShell navigation（统一家庭壳） 显式家族配对（lineage_space_id）优先于 owner 推断驱动选项归属","status":"passed","title":"显式家族配对（lineage_space_id）优先于 owner 推断驱动选项归属","duration":76.26008300000012,"failureMessages":[],"meta":{}},{"ancestorTitles":["AppShell navigation（统一家庭壳）"],"fullName":"AppShell navigation（统一家庭壳） 家族树页选择家族空间时落到对应 lineage","status":"passed","title":"家族树页选择家族空间时落到对应 lineage","duration":220.1583330000003,"failureMessages":[],"meta":{}},{"ancestorTitles":["AppShell navigation（统一家庭壳）"],"fullName":"AppShell navigation（统一家庭壳） 进入家族树时，已恢复的家庭卡上下文自动切到显式配对 lineage","status":"passed","title":"进入家族树时，已恢复的家庭卡上下文自动切到显式配对 lineage","duration":88.33220900000015,"failureMessages":[],"meta":{}},{"ancestorTitles":["AppShell navigation（统一家庭壳）"],"fullName":"AppShell navigation（统一家庭壳） 设置等空间页切换家族时保留当前页面和当前空间类型","status":"passed","title":"设置等空间页切换家族时保留当前页面和当前空间类型","duration":161.64816699999938,"failureMessages":[],"meta":{}},{"ancestorTitles":["AppShell navigation（统一家庭壳）"],"fullName":"AppShell navigation（统一家庭壳） 主内容区为静态星空背景：token 派生、无动画，移动端有底部导航断点","status":"passed","title":"主内容区为静态星空背景：token 派生、无动画，移动端有底部导航断点","duration":78.54199999999946,"failureMessages":[],"meta":{}},{"ancestorTitles":["AppShell navigation（统一家庭壳）"],"fullName":"AppShell navigation（统一家庭壳） 移动端壳（Phase 7 375px 契约）：底部一级导航四入口，次级入口走顶部/账号菜单","status":"passed","title":"移动端壳（Phase 7 375px 契约）：底部一级导航四入口，次级入口走顶部/账号菜单","duration":41.64375000000018,"failureMessages":[],"meta":{}},{"ancestorTitles":["AppShell navigation（统一家庭壳）"],"fullName":"AppShell navigation（统一家庭壳） 默认空间选择以 watch(isLoggedIn) 触发：未登录挂载不发起，登录后触发（/login 重载循环回归）","status":"passed","title":"默认空间选择以 watch(isLoggedIn) 触发：未登录挂载不发起，登录后触发（/login 重载循环回归）","duration":82.28862500000014,"failureMessages":[],"meta":{}},{"ancestorTitles":["AppShell navigation（统一家庭壳）"],"fullName":"AppShell navigation（统一家庭壳） 移动端壳源级契约：侧栏隐藏、选择器整行、底部导航留白含安全区、链接 52px","status":"passed","title":"移动端壳源级契约：侧栏隐藏、选择器整行、底部导航留白含安全区、链接 52px","duration":0.6888330000001588,"failureMessages":[],"meta":{}}],"startTime":1789390562665,"endTime":1789390565149.6887,"status":"passed","message":"","name":"/Users/lyston/PycharmProjects/fg-09-13-steward-snapshot-progressive-recompute/frontend/src/components/shell/__tests__/AppShell.spec.ts"},{"assertionResults":[{"ancestorTitles":["MemoryEditorDialog HTTP contract and retries"],"fullName":"MemoryEditorDialog HTTP contract and retries serializes an explicit manual source and operation key through the real API module","status":"passed","title":"serializes an explicit manual source and operation key through the real API module","duration":891.2790839999998,"failureMessages":[],"meta":{}},{"ancestorTitles":["MemoryEditorDialog HTTP contract and retries"],"fullName":"MemoryEditorDialog HTTP contract and retries keeps the key after a lost response and changes it when submitted content changes","status":"passed","title":"keeps the key after a lost response and changes it when submitted content changes","duration":548.4538750000002,"failureMessages":[],"meta":{}},{"ancestorTitles":["MemoryEditorDialog HTTP contract and retries"],"fullName":"MemoryEditorDialog HTTP contract and retries does not announce success when the committed candidate list failed to reload","status":"passed","title":"does not announce success when the committed candidate list failed to reload","duration":508.1531250000007,"failureMessages":[],"meta":{}},{"ancestorTitles":["MemoryEditorDialog HTTP contract and retries"],"fullName":"MemoryEditorDialog HTTP contract and retries preserves the RAG locator and sensitivity while leaving exact source text to the server","status":"passed","title":"preserves the RAG locator and sensitivity while leaving exact source text to the server","duration":411.23879099999976,"failureMessages":[],"meta":{}},{"ancestorTitles":["MemoryEditorDialog HTTP contract and retries"],"fullName":"MemoryEditorDialog HTTP contract and retries displays source rejection without closing or creating an optimistic candidate","status":"passed","title":"displays source rejection without closing or creating an optimistic candidate","duration":210.36825000000044,"failureMessages":[],"meta":{}},{"ancestorTitles":["MemoryEditorDialog HTTP contract and retries"],"fullName":"MemoryEditorDialog HTTP contract and retries an already-open editor cannot submit after Memory is disabled","status":"passed","title":"an already-open editor cannot submit after Memory is disabled","duration":227.14629200000036,"failureMessages":[],"meta":{}}],"startTime":1789390562568,"endTime":1789390565364.1462,"status":"passed","message":"","name":"/Users/lyston/PycharmProjects/fg-09-13-steward-snapshot-progressive-recompute/frontend/src/components/memory/__tests__/MemoryEditorDialog.spec.ts"},{"assertionResults":[{"ancestorTitles":["MemoryManager（五分区，PRD §2.5 / design §5.4）"],"fullName":"MemoryManager（五分区，PRD §2.5 / design §5.4） Memory 关闭时显示可行动说明并隐藏 Memory 写操作","status":"passed","title":"Memory 关闭时显示可行动说明并隐藏 Memory 写操作","duration":264.49529099999927,"failureMessages":[],"meta":{}},{"ancestorTitles":["MemoryManager（五分区，PRD §2.5 / design §5.4）"],"fullName":"MemoryManager（五分区，PRD §2.5 / design §5.4） RAG 关闭时 Memory 可用但检索操作呈独立关闭态","status":"passed","title":"RAG 关闭时 Memory 可用但检索操作呈独立关闭态","duration":381.4594160000006,"failureMessages":[],"meta":{}},{"ancestorTitles":["MemoryManager（五分区，PRD §2.5 / design §5.4）"],"fullName":"MemoryManager（五分区，PRD §2.5 / design §5.4） 两个开关都关闭时没有写入或搜索操作","status":"passed","title":"两个开关都关闭时没有写入或搜索操作","duration":77.87433299999975,"failureMessages":[],"meta":{}},{"ancestorTitles":["MemoryManager（五分区，PRD §2.5 / design §5.4）"],"fullName":"MemoryManager（五分区，PRD §2.5 / design §5.4） 能力状态请求失败明确显示未知状态，不假装功能关闭","status":"passed","title":"能力状态请求失败明确显示未知状态，不假装功能关闭","duration":11.966457999999875,"failureMessages":[],"meta":{}},{"ancestorTitles":["MemoryManager（五分区，PRD §2.5 / design §5.4）"],"fullName":"MemoryManager（五分区，PRD §2.5 / design §5.4） 已启用后的状态刷新失败也会收起旧写入口","status":"passed","title":"已启用后的状态刷新失败也会收起旧写入口","duration":184.24487500000032,"failureMessages":[],"meta":{}},{"ancestorTitles":["MemoryManager（五分区，PRD §2.5 / design §5.4）"],"fullName":"MemoryManager（五分区，PRD §2.5 / design §5.4） 旧页面卸载后的能力响应不会用新会话继续加载记忆","status":"passed","title":"旧页面卸载后的能力响应不会用新会话继续加载记忆","duration":14.022874999999658,"failureMessages":[],"meta":{}},{"ancestorTitles":["MemoryManager（五分区，PRD §2.5 / design §5.4）"],"fullName":"MemoryManager（五分区，PRD §2.5 / design §5.4） 来源 unavailable 的候选和记忆只显示状态，不显示旧正文","status":"passed","title":"来源 unavailable 的候选和记忆只显示状态，不显示旧正文","duration":50.241125000000466,"failureMessages":[],"meta":{}},{"ancestorTitles":["MemoryManager（五分区，PRD §2.5 / design §5.4）"],"fullName":"MemoryManager（五分区，PRD §2.5 / design §5.4） 来源 unverified 的候选和记忆只显示状态，不显示旧正文","status":"passed","title":"来源 unverified 的候选和记忆只显示状态，不显示旧正文","duration":126.63104100000055,"failureMessages":[],"meta":{}},{"ancestorTitles":["MemoryManager（五分区，PRD §2.5 / design §5.4）"],"fullName":"MemoryManager（五分区，PRD §2.5 / design §5.4） 来源状态更新时，已打开的确认弹层同步隐藏正文并禁止确认","status":"passed","title":"来源状态更新时，已打开的确认弹层同步隐藏正文并禁止确认","duration":344.34612500000003,"failureMessages":[],"meta":{}},{"ancestorTitles":["MemoryManager（五分区，PRD §2.5 / design §5.4）"],"fullName":"MemoryManager（五分区，PRD §2.5 / design §5.4） 确认 API 拒绝时保留弹层及候选，并显示真实错误","status":"passed","title":"确认 API 拒绝时保留弹层及候选，并显示真实错误","duration":368.57354100000066,"failureMessages":[],"meta":{}},{"ancestorTitles":["MemoryManager（五分区，PRD §2.5 / design §5.4）"],"fullName":"MemoryManager（五分区，PRD §2.5 / design §5.4） RAG 候选不能共享到 allowed_scopes 之外的当前空间","status":"passed","title":"RAG 候选不能共享到 allowed_scopes 之外的当前空间","duration":246.12504200000058,"failureMessages":[],"meta":{}},{"ancestorTitles":["MemoryManager（五分区，PRD §2.5 / design §5.4）"],"fullName":"MemoryManager（五分区，PRD §2.5 / design §5.4） 五分区渲染；有待确认候选时默认进入待确认（候选视觉状态 = icon+文字）","status":"passed","title":"五分区渲染；有待确认候选时默认进入待确认（候选视觉状态 = icon+文字）","duration":84.58420799999931,"failureMessages":[],"meta":{}},{"ancestorTitles":["MemoryManager（五分区，PRD §2.5 / design §5.4）"],"fullName":"MemoryManager（五分区，PRD §2.5 / design §5.4） 无待确认候选时默认进入「我的私有记忆」分区","status":"passed","title":"无待确认候选时默认进入「我的私有记忆」分区","duration":65.09820899999977,"failureMessages":[],"meta":{}},{"ancestorTitles":["MemoryManager（五分区，PRD §2.5 / design §5.4）"],"fullName":"MemoryManager（五分区，PRD §2.5 / design §5.4） 候选确认后重新拉取服务端候选与记忆列表（无乐观副本）","status":"passed","title":"候选确认后重新拉取服务端候选与记忆列表（无乐观副本）","duration":139.06791599999997,"failureMessages":[],"meta":{}},{"ancestorTitles":["MemoryManager（五分区，PRD §2.5 / design §5.4）"],"fullName":"MemoryManager（五分区，PRD §2.5 / design §5.4） 确认弹层展示原话/摘要/用途/敏感等级/隐私影响；默认 scope=private","status":"passed","title":"确认弹层展示原话/摘要/用途/敏感等级/隐私影响；默认 scope=private","duration":197.62716600000022,"failureMessages":[],"meta":{}},{"ancestorTitles":["MemoryManager（五分区，PRD §2.5 / design §5.4）"],"fullName":"MemoryManager（五分区，PRD §2.5 / design §5.4） private 确认提交默认 scope 与保留期限；共享 scope 选项可见","status":"passed","title":"private 确认提交默认 scope 与保留期限；共享 scope 选项可见","duration":209.0918330000004,"failureMessages":[],"meta":{}},{"ancestorTitles":["MemoryManager（五分区，PRD §2.5 / design §5.4）"],"fullName":"MemoryManager（五分区，PRD §2.5 / design §5.4） 共享确认交互：选择家庭共享 scope 后提交携带 household:<space_id>","status":"passed","title":"共享确认交互：选择家庭共享 scope 后提交携带 household:<space_id>","duration":230.11262499999975,"failureMessages":[],"meta":{}},{"ancestorTitles":["MemoryManager（五分区，PRD §2.5 / design §5.4）"],"fullName":"MemoryManager（五分区，PRD §2.5 / design §5.4） 高敏感候选：共享 scope 选项置灰不可选，弹层保留可见降级文案","status":"passed","title":"高敏感候选：共享 scope 选项置灰不可选，弹层保留可见降级文案","duration":311.48491699999977,"failureMessages":[],"meta":{}},{"ancestorTitles":["MemoryManager（五分区，PRD §2.5 / design §5.4）"],"fullName":"MemoryManager（五分区，PRD §2.5 / design §5.4） 空间切换：组件清理旧空间共享记忆/RAG 分区并重新拉取新空间","status":"passed","title":"空间切换：组件清理旧空间共享记忆/RAG 分区并重新拉取新空间","duration":62.131124999999884,"failureMessages":[],"meta":{}},{"ancestorTitles":["MemoryManager 检索与引用（只读 + 保存只能新建候选）"],"fullName":"MemoryManager 检索与引用（只读 + 保存只能新建候选） 检索结果只读展示 citation_handle/source/scope/revision；「保存」只新建候选","status":"passed","title":"检索结果只读展示 citation_handle/source/scope/revision；「保存」只新建候选","duration":511.7272919999996,"failureMessages":[],"meta":{}},{"ancestorTitles":["MemoryManager 检索与引用（只读 + 保存只能新建候选）"],"fullName":"MemoryManager 检索与引用（只读 + 保存只能新建候选） Memory 关闭、RAG 开启时仍可检索，但结果无保存动作","status":"passed","title":"Memory 关闭、RAG 开启时仍可检索，但结果无保存动作","duration":390.7061670000003,"failureMessages":[],"meta":{}},{"ancestorTitles":["MemoryManager 检索与引用（只读 + 保存只能新建候选）"],"fullName":"MemoryManager 检索与引用（只读 + 保存只能新建候选） 检索结果缺少有效片段定位时禁止保存，不退化成手工来源","status":"passed","title":"检索结果缺少有效片段定位时禁止保存，不退化成手工来源","duration":313.62512499999866,"failureMessages":[],"meta":{}},{"ancestorTitles":["CitationList（来源可追溯投影）"],"fullName":"CitationList（来源可追溯投影） 显示来源类型、scope、修订和 citation handle，不把引用当成指令","status":"passed","title":"显示来源类型、scope、修订和 citation handle，不把引用当成指令","duration":3.274541999999201,"failureMessages":[],"meta":{}}],"startTime":1789390562861,"endTime":1789390567452.2747,"status":"passed","message":"","name":"/Users/lyston/PycharmProjects/fg-09-13-steward-snapshot-progressive-recompute/frontend/src/components/memory/__tests__/MemoryManager.spec.ts"}]}